mode: atomic
github.com/gomdlint/gomdlint/cmd/gomdlint/main.go:18.13,27.48 1 0
github.com/gomdlint/gomdlint/cmd/gomdlint/main.go:27.48,29.22 1 0
github.com/gomdlint/gomdlint/cmd/gomdlint/main.go:29.22,32.5 2 0
github.com/gomdlint/gomdlint/cmd/gomdlint/main.go:35.4,38.54 4 0
github.com/gomdlint/gomdlint/cmd/gomdlint/main.go:38.54,41.5 2 0
github.com/gomdlint/gomdlint/cmd/gomdlint/main.go:46.2,62.69 3 0
github.com/gomdlint/gomdlint/cmd/gomdlint/main.go:62.69,65.3 2 0
github.com/gomdlint/gomdlint/cmd/gomdlint/main.go:68.41,89.2 13 0
github.com/gomdlint/gomdlint/internal/app/provider/theme/builtin.go:17.44,25.2 1 19
github.com/gomdlint/gomdlint/internal/app/provider/theme/builtin.go:28.42,30.2 1 3
github.com/gomdlint/gomdlint/internal/app/provider/theme/builtin.go:33.69,35.2 1 31
github.com/gomdlint/gomdlint/internal/app/provider/theme/builtin.go:38.118,39.27 1 12
github.com/gomdlint/gomdlint/internal/app/provider/theme/builtin.go:39.27,41.3 1 1
github.com/gomdlint/gomdlint/internal/app/provider/theme/builtin.go:44.2,44.50 1 11
github.com/gomdlint/gomdlint/internal/app/provider/theme/builtin.go:44.50,46.3 1 0
github.com/gomdlint/gomdlint/internal/app/provider/theme/builtin.go:49.2,49.31 1 11
github.com/gomdlint/gomdlint/internal/app/provider/theme/builtin.go:53.75,54.43 1 22
github.com/gomdlint/gomdlint/internal/app/provider/theme/builtin.go:54.43,56.3 1 2
github.com/gomdlint/gomdlint/internal/app/provider/theme/builtin.go:59.2,59.71 1 20
github.com/gomdlint/gomdlint/internal/app/provider/theme/builtin.go:59.71,61.3 1 3
github.com/gomdlint/gomdlint/internal/app/provider/theme/builtin.go:63.2,63.12 1 17
github.com/gomdlint/gomdlint/internal/app/provider/theme/builtin.go:67.83,87.35 2 20
github.com/gomdlint/gomdlint/internal/app/provider/theme/builtin.go:87.35,88.30 1 7
github.com/gomdlint/gomdlint/internal/app/provider/theme/builtin.go:88.30,90.4 1 2
github.com/gomdlint/gomdlint/internal/app/provider/theme/builtin.go:93.3,93.22 1 5
github.com/gomdlint/gomdlint/internal/app/provider/theme/builtin.go:93.22,95.4 1 1
github.com/gomdlint/gomdlint/internal/app/provider/theme/builtin.go:98.2,98.12 1 17
github.com/gomdlint/gomdlint/internal/app/provider/theme/custom.go:15.42,17.2 1 17
github.com/gomdlint/gomdlint/internal/app/provider/theme/custom.go:20.41,22.2 1 3
github.com/gomdlint/gomdlint/internal/app/provider/theme/custom.go:26.68,34.2 2 10
github.com/gomdlint/gomdlint/internal/app/provider/theme/custom.go:37.117,39.50 1 7
github.com/gomdlint/gomdlint/internal/app/provider/theme/custom.go:39.50,41.3 1 2
github.com/gomdlint/gomdlint/internal/app/provider/theme/custom.go:44.2,47.35 2 5
github.com/gomdlint/gomdlint/internal/app/provider/theme/custom.go:51.74,53.71 1 13
github.com/gomdlint/gomdlint/internal/app/provider/theme/custom.go:53.71,55.3 1 2
github.com/gomdlint/gomdlint/internal/app/provider/theme/custom.go:58.2,58.28 1 11
github.com/gomdlint/gomdlint/internal/app/provider/theme/custom.go:58.28,60.3 1 3
github.com/gomdlint/gomdlint/internal/app/provider/theme/custom.go:62.2,62.12 1 8
github.com/gomdlint/gomdlint/internal/app/provider/theme/custom.go:66.88,75.41 2 5
github.com/gomdlint/gomdlint/internal/app/provider/theme/custom.go:75.41,77.3 1 2
github.com/gomdlint/gomdlint/internal/app/provider/theme/custom.go:79.2,79.19 1 5
github.com/gomdlint/gomdlint/internal/app/provider/theme/custom.go:83.82,103.35 2 13
github.com/gomdlint/gomdlint/internal/app/provider/theme/custom.go:103.35,104.30 1 6
github.com/gomdlint/gomdlint/internal/app/provider/theme/custom.go:104.30,106.4 1 0
github.com/gomdlint/gomdlint/internal/app/provider/theme/custom.go:109.3,109.22 1 6
github.com/gomdlint/gomdlint/internal/app/provider/theme/custom.go:109.22,111.4 1 1
github.com/gomdlint/gomdlint/internal/app/provider/theme/custom.go:114.3,114.27 1 5
github.com/gomdlint/gomdlint/internal/app/provider/theme/custom.go:114.27,115.46 1 18
github.com/gomdlint/gomdlint/internal/app/provider/theme/custom.go:115.46,117.5 1 1
github.com/gomdlint/gomdlint/internal/app/provider/theme/custom.go:121.2,121.12 1 11
github.com/gomdlint/gomdlint/internal/app/provider/theme/provider.go:35.28,43.2 1 11
github.com/gomdlint/gomdlint/internal/app/provider/theme/provider.go:46.56,48.2 1 1
github.com/gomdlint/gomdlint/internal/app/provider/theme/provider.go:51.110,54.55 2 9
github.com/gomdlint/gomdlint/internal/app/provider/theme/provider.go:54.55,56.3 1 1
github.com/gomdlint/gomdlint/internal/app/provider/theme/provider.go:59.2,59.40 1 8
github.com/gomdlint/gomdlint/internal/app/provider/theme/provider.go:59.40,60.33 1 10
github.com/gomdlint/gomdlint/internal/app/provider/theme/provider.go:60.33,62.21 2 7
github.com/gomdlint/gomdlint/internal/app/provider/theme/provider.go:62.21,66.5 3 6
github.com/gomdlint/gomdlint/internal/app/provider/theme/provider.go:70.2,70.101 1 2
github.com/gomdlint/gomdlint/internal/app/provider/theme/provider.go:74.67,75.40 1 4
github.com/gomdlint/gomdlint/internal/app/provider/theme/provider.go:75.40,76.33 1 4
github.com/gomdlint/gomdlint/internal/app/provider/theme/provider.go:76.33,78.4 1 3
github.com/gomdlint/gomdlint/internal/app/provider/theme/provider.go:80.2,80.72 1 1
github.com/gomdlint/gomdlint/internal/app/provider/theme/provider.go:84.158,90.50 2 3
github.com/gomdlint/gomdlint/internal/app/provider/theme/provider.go:90.50,90.75 1 3
github.com/gomdlint/gomdlint/internal/app/provider/theme/provider.go:91.2,91.48 1 3
github.com/gomdlint/gomdlint/internal/app/provider/theme/provider.go:91.48,91.71 1 3
github.com/gomdlint/gomdlint/internal/app/provider/theme/provider.go:92.2,92.50 1 3
github.com/gomdlint/gomdlint/internal/app/provider/theme/provider.go:92.50,92.75 1 1
github.com/gomdlint/gomdlint/internal/app/provider/theme/provider.go:93.2,93.47 1 3
github.com/gomdlint/gomdlint/internal/app/provider/theme/provider.go:93.47,93.69 1 1
github.com/gomdlint/gomdlint/internal/app/provider/theme/provider.go:94.2,94.53 1 3
github.com/gomdlint/gomdlint/internal/app/provider/theme/provider.go:94.53,94.81 1 1
github.com/gomdlint/gomdlint/internal/app/provider/theme/provider.go:95.2,95.53 1 3
github.com/gomdlint/gomdlint/internal/app/provider/theme/provider.go:95.53,95.80 1 1
github.com/gomdlint/gomdlint/internal/app/provider/theme/provider.go:96.2,96.53 1 3
github.com/gomdlint/gomdlint/internal/app/provider/theme/provider.go:96.53,96.80 1 1
github.com/gomdlint/gomdlint/internal/app/provider/theme/provider.go:97.2,97.52 1 3
github.com/gomdlint/gomdlint/internal/app/provider/theme/provider.go:97.52,97.79 1 1
github.com/gomdlint/gomdlint/internal/app/provider/theme/provider.go:98.2,98.50 1 3
github.com/gomdlint/gomdlint/internal/app/provider/theme/provider.go:98.50,98.75 1 1
github.com/gomdlint/gomdlint/internal/app/provider/theme/provider.go:99.2,99.49 1 3
github.com/gomdlint/gomdlint/internal/app/provider/theme/provider.go:99.49,99.73 1 1
github.com/gomdlint/gomdlint/internal/app/provider/theme/provider.go:100.2,100.49 1 3
github.com/gomdlint/gomdlint/internal/app/provider/theme/provider.go:100.49,100.73 1 1
github.com/gomdlint/gomdlint/internal/app/provider/theme/provider.go:101.2,101.49 1 3
github.com/gomdlint/gomdlint/internal/app/provider/theme/provider.go:101.49,101.73 1 1
github.com/gomdlint/gomdlint/internal/app/provider/theme/provider.go:104.2,104.47 1 3
github.com/gomdlint/gomdlint/internal/app/provider/theme/provider.go:104.47,105.14 1 3
github.com/gomdlint/gomdlint/internal/app/provider/theme/provider.go:106.18,107.27 1 1
github.com/gomdlint/gomdlint/internal/app/provider/theme/provider.go:108.16,109.25 1 1
github.com/gomdlint/gomdlint/internal/app/provider/theme/provider.go:110.18,111.27 1 1
github.com/gomdlint/gomdlint/internal/app/provider/theme/provider.go:112.15,113.24 1 0
github.com/gomdlint/gomdlint/internal/app/provider/theme/provider.go:114.21,115.30 1 0
github.com/gomdlint/gomdlint/internal/app/provider/theme/provider.go:116.21,117.29 1 0
github.com/gomdlint/gomdlint/internal/app/provider/theme/provider.go:118.21,119.29 1 0
github.com/gomdlint/gomdlint/internal/app/provider/theme/provider.go:120.20,121.29 1 0
github.com/gomdlint/gomdlint/internal/app/provider/theme/provider.go:122.18,123.27 1 0
github.com/gomdlint/gomdlint/internal/app/provider/theme/provider.go:124.17,125.26 1 0
github.com/gomdlint/gomdlint/internal/app/provider/theme/provider.go:126.17,127.26 1 0
github.com/gomdlint/gomdlint/internal/app/provider/theme/provider.go:128.17,129.26 1 0
github.com/gomdlint/gomdlint/internal/app/provider/theme/provider.go:134.2,141.36 2 3
github.com/gomdlint/gomdlint/internal/app/provider/theme/provider.go:145.51,147.40 2 1
github.com/gomdlint/gomdlint/internal/app/provider/theme/provider.go:147.40,150.26 1 2
github.com/gomdlint/gomdlint/internal/app/provider/theme/provider.go:151.18,154.26 3 1
github.com/gomdlint/gomdlint/internal/app/provider/theme/provider.go:155.17,156.27 1 1
github.com/gomdlint/gomdlint/internal/app/provider/theme/provider.go:160.2,161.28 2 1
github.com/gomdlint/gomdlint/internal/app/provider/theme/provider.go:161.28,163.3 1 4
github.com/gomdlint/gomdlint/internal/app/provider/theme/provider.go:164.2,164.15 1 1
github.com/gomdlint/gomdlint/internal/app/provider/theme/provider.go:168.65,173.35 2 17
github.com/gomdlint/gomdlint/internal/app/provider/theme/provider.go:173.35,175.3 1 2
github.com/gomdlint/gomdlint/internal/app/provider/theme/provider.go:177.2,177.12 1 17
github.com/gomdlint/gomdlint/internal/app/provider/theme/provider.go:181.33,183.2 1 1
github.com/gomdlint/gomdlint/internal/app/service/rules/md001.go:15.53,27.2 2 7
github.com/gomdlint/gomdlint/internal/app/service/rules/md001.go:29.104,38.40 4 7
github.com/gomdlint/gomdlint/internal/app/service/rules/md001.go:38.40,42.43 2 17
github.com/gomdlint/gomdlint/internal/app/service/rules/md001.go:42.43,55.26 5 3
github.com/gomdlint/gomdlint/internal/app/service/rules/md001.go:55.26,57.23 2 3
github.com/gomdlint/gomdlint/internal/app/service/rules/md001.go:57.23,59.6 1 3
github.com/gomdlint/gomdlint/internal/app/service/rules/md001.go:62.4,62.47 1 3
github.com/gomdlint/gomdlint/internal/app/service/rules/md001.go:65.3,65.20 1 17
github.com/gomdlint/gomdlint/internal/app/service/rules/md001.go:68.2,68.34 1 7
github.com/gomdlint/gomdlint/internal/app/service/rules/md001.go:72.83,77.41 2 3
github.com/gomdlint/gomdlint/internal/app/service/rules/md001.go:77.41,81.53 3 3
github.com/gomdlint/gomdlint/internal/app/service/rules/md001.go:81.53,84.4 2 10
github.com/gomdlint/gomdlint/internal/app/service/rules/md001.go:87.3,87.53 1 3
github.com/gomdlint/gomdlint/internal/app/service/rules/md001.go:87.53,89.4 1 3
github.com/gomdlint/gomdlint/internal/app/service/rules/md001.go:92.3,93.27 2 3
github.com/gomdlint/gomdlint/internal/app/service/rules/md001.go:93.27,95.4 1 3
github.com/gomdlint/gomdlint/internal/app/service/rules/md001.go:98.3,105.31 2 3
github.com/gomdlint/gomdlint/internal/app/service/rules/md001.go:110.2,110.12 1 0
github.com/gomdlint/gomdlint/internal/app/service/rules/md001.go:114.57,119.47 3 8
github.com/gomdlint/gomdlint/internal/app/service/rules/md001.go:119.47,120.35 1 8
github.com/gomdlint/gomdlint/internal/app/service/rules/md001.go:120.35,121.25 1 21
github.com/gomdlint/gomdlint/internal/app/service/rules/md001.go:121.25,123.5 1 19
github.com/gomdlint/gomdlint/internal/app/service/rules/md001.go:125.4,125.27 1 21
github.com/gomdlint/gomdlint/internal/app/service/rules/md001.go:125.27,127.5 1 0
github.com/gomdlint/gomdlint/internal/app/service/rules/md001.go:131.2,132.17 2 8
github.com/gomdlint/gomdlint/internal/app/service/rules/md001.go:136.47,137.62 1 23
github.com/gomdlint/gomdlint/internal/app/service/rules/md001.go:137.62,139.3 1 0
github.com/gomdlint/gomdlint/internal/app/service/rules/md001.go:142.2,142.47 1 23
github.com/gomdlint/gomdlint/internal/app/service/rules/md001.go:142.47,145.52 3 23
github.com/gomdlint/gomdlint/internal/app/service/rules/md001.go:145.52,147.4 1 54
github.com/gomdlint/gomdlint/internal/app/service/rules/md001.go:148.3,148.15 1 23
github.com/gomdlint/gomdlint/internal/app/service/rules/md001.go:152.2,152.50 1 0
github.com/gomdlint/gomdlint/internal/app/service/rules/md001.go:152.50,155.3 1 0
github.com/gomdlint/gomdlint/internal/app/service/rules/md001.go:157.2,157.10 1 0
github.com/gomdlint/gomdlint/internal/app/service/rules/md003.go:16.53,30.2 2 7
github.com/gomdlint/gomdlint/internal/app/service/rules/md003.go:41.104,56.33 8 10
github.com/gomdlint/gomdlint/internal/app/service/rules/md003.go:56.33,57.22 1 8
github.com/gomdlint/gomdlint/internal/app/service/rules/md003.go:58.14,59.28 1 4
github.com/gomdlint/gomdlint/internal/app/service/rules/md003.go:60.21,61.34 1 2
github.com/gomdlint/gomdlint/internal/app/service/rules/md003.go:62.62,63.31 1 2
github.com/gomdlint/gomdlint/internal/app/service/rules/md003.go:68.2,68.36 1 10
github.com/gomdlint/gomdlint/internal/app/service/rules/md003.go:68.36,72.24 3 43
github.com/gomdlint/gomdlint/internal/app/service/rules/md003.go:72.24,73.12 1 0
github.com/gomdlint/gomdlint/internal/app/service/rules/md003.go:76.3,81.67 4 43
github.com/gomdlint/gomdlint/internal/app/service/rules/md003.go:81.67,85.46 2 15
github.com/gomdlint/gomdlint/internal/app/service/rules/md003.go:85.46,87.41 1 0
github.com/gomdlint/gomdlint/internal/app/service/rules/md003.go:87.41,89.6 1 0
github.com/gomdlint/gomdlint/internal/app/service/rules/md003.go:89.11,91.6 1 0
github.com/gomdlint/gomdlint/internal/app/service/rules/md003.go:92.10,94.5 1 15
github.com/gomdlint/gomdlint/internal/app/service/rules/md003.go:95.4,95.20 1 15
github.com/gomdlint/gomdlint/internal/app/service/rules/md003.go:99.3,99.59 1 43
github.com/gomdlint/gomdlint/internal/app/service/rules/md003.go:99.59,101.22 2 14
github.com/gomdlint/gomdlint/internal/app/service/rules/md003.go:101.22,104.23 3 14
github.com/gomdlint/gomdlint/internal/app/service/rules/md003.go:104.23,106.6 1 5
github.com/gomdlint/gomdlint/internal/app/service/rules/md003.go:107.5,108.19 2 14
github.com/gomdlint/gomdlint/internal/app/service/rules/md003.go:112.3,112.17 1 43
github.com/gomdlint/gomdlint/internal/app/service/rules/md003.go:112.17,113.12 1 14
github.com/gomdlint/gomdlint/internal/app/service/rules/md003.go:117.3,117.67 1 29
github.com/gomdlint/gomdlint/internal/app/service/rules/md003.go:117.67,120.4 2 1
github.com/gomdlint/gomdlint/internal/app/service/rules/md003.go:123.3,123.71 1 29
github.com/gomdlint/gomdlint/internal/app/service/rules/md003.go:123.71,135.59 5 17
github.com/gomdlint/gomdlint/internal/app/service/rules/md003.go:135.59,137.5 1 2
github.com/gomdlint/gomdlint/internal/app/service/rules/md003.go:139.4,142.47 3 17
github.com/gomdlint/gomdlint/internal/app/service/rules/md003.go:146.2,146.34 1 10
github.com/gomdlint/gomdlint/internal/app/service/rules/md003.go:150.99,152.81 1 29
github.com/gomdlint/gomdlint/internal/app/service/rules/md003.go:152.81,153.17 1 4
github.com/gomdlint/gomdlint/internal/app/service/rules/md003.go:153.17,154.47 1 0
github.com/gomdlint/gomdlint/internal/app/service/rules/md003.go:154.47,156.5 1 0
github.com/gomdlint/gomdlint/internal/app/service/rules/md003.go:157.4,157.35 1 0
github.com/gomdlint/gomdlint/internal/app/service/rules/md003.go:159.3,159.37 1 4
github.com/gomdlint/gomdlint/internal/app/service/rules/md003.go:162.2,162.38 1 25
github.com/gomdlint/gomdlint/internal/app/service/rules/md003.go:166.61,167.15 1 34
github.com/gomdlint/gomdlint/internal/app/service/rules/md003.go:168.16,169.15 1 13
github.com/gomdlint/gomdlint/internal/app/service/rules/md003.go:170.22,171.22 1 7
github.com/gomdlint/gomdlint/internal/app/service/rules/md003.go:172.19,173.18 1 14
github.com/gomdlint/gomdlint/internal/app/service/rules/md003.go:174.10,175.16 1 0
github.com/gomdlint/gomdlint/internal/app/service/rules/md003.go:180.93,181.42 1 67
github.com/gomdlint/gomdlint/internal/app/service/rules/md003.go:181.42,182.41 1 66
github.com/gomdlint/gomdlint/internal/app/service/rules/md003.go:182.41,184.4 1 65
github.com/gomdlint/gomdlint/internal/app/service/rules/md003.go:186.2,186.21 1 2
github.com/gomdlint/gomdlint/internal/app/service/rules/md004.go:16.53,30.2 2 8
github.com/gomdlint/gomdlint/internal/app/service/rules/md004.go:41.104,57.61 7 7
github.com/gomdlint/gomdlint/internal/app/service/rules/md004.go:57.61,58.22 1 1
github.com/gomdlint/gomdlint/internal/app/service/rules/md004.go:59.19,60.34 1 1
github.com/gomdlint/gomdlint/internal/app/service/rules/md004.go:61.15,62.30 1 0
github.com/gomdlint/gomdlint/internal/app/service/rules/md004.go:63.15,64.30 1 0
github.com/gomdlint/gomdlint/internal/app/service/rules/md004.go:69.2,69.36 1 7
github.com/gomdlint/gomdlint/internal/app/service/rules/md004.go:69.36,73.36 2 36
github.com/gomdlint/gomdlint/internal/app/service/rules/md004.go:73.36,74.12 1 4
github.com/gomdlint/gomdlint/internal/app/service/rules/md004.go:78.3,79.21 2 32
github.com/gomdlint/gomdlint/internal/app/service/rules/md004.go:79.21,80.12 1 5
github.com/gomdlint/gomdlint/internal/app/service/rules/md004.go:83.3,88.17 4 27
github.com/gomdlint/gomdlint/internal/app/service/rules/md004.go:89.12,90.33 1 9
github.com/gomdlint/gomdlint/internal/app/service/rules/md004.go:91.12,92.29 1 3
github.com/gomdlint/gomdlint/internal/app/service/rules/md004.go:93.12,94.29 1 15
github.com/gomdlint/gomdlint/internal/app/service/rules/md004.go:98.3,100.22 2 27
github.com/gomdlint/gomdlint/internal/app/service/rules/md004.go:101.21,103.38 1 19
github.com/gomdlint/gomdlint/internal/app/service/rules/md004.go:103.38,106.5 2 4
github.com/gomdlint/gomdlint/internal/app/service/rules/md004.go:106.10,106.44 1 15
github.com/gomdlint/gomdlint/internal/app/service/rules/md004.go:106.44,108.5 1 8
github.com/gomdlint/gomdlint/internal/app/service/rules/md004.go:110.18,112.60 1 5
github.com/gomdlint/gomdlint/internal/app/service/rules/md004.go:112.60,114.38 1 3
github.com/gomdlint/gomdlint/internal/app/service/rules/md004.go:114.38,116.6 1 1
github.com/gomdlint/gomdlint/internal/app/service/rules/md004.go:117.10,123.34 3 2
github.com/gomdlint/gomdlint/internal/app/service/rules/md004.go:123.34,124.44 1 3
github.com/gomdlint/gomdlint/internal/app/service/rules/md004.go:124.44,126.7 1 1
github.com/gomdlint/gomdlint/internal/app/service/rules/md004.go:129.5,129.26 1 2
github.com/gomdlint/gomdlint/internal/app/service/rules/md004.go:129.26,131.37 2 1
github.com/gomdlint/gomdlint/internal/app/service/rules/md004.go:131.37,141.7 4 0
github.com/gomdlint/gomdlint/internal/app/service/rules/md004.go:145.11,147.37 1 3
github.com/gomdlint/gomdlint/internal/app/service/rules/md004.go:147.37,149.5 1 1
github.com/gomdlint/gomdlint/internal/app/service/rules/md004.go:152.3,152.23 1 27
github.com/gomdlint/gomdlint/internal/app/service/rules/md004.go:152.23,154.4 1 10
github.com/gomdlint/gomdlint/internal/app/service/rules/md004.go:157.2,157.34 1 7
github.com/gomdlint/gomdlint/internal/app/service/rules/md004.go:161.138,173.50 5 10
github.com/gomdlint/gomdlint/internal/app/service/rules/md004.go:173.50,175.3 1 8
github.com/gomdlint/gomdlint/internal/app/service/rules/md004.go:177.2,182.65 4 10
github.com/gomdlint/gomdlint/internal/app/service/rules/md004.go:182.65,193.3 4 10
github.com/gomdlint/gomdlint/internal/app/service/rules/md004.go:195.2,195.18 1 10
github.com/gomdlint/gomdlint/internal/app/service/rules/md004.go:199.51,200.15 1 20
github.com/gomdlint/gomdlint/internal/app/service/rules/md004.go:201.22,202.20 1 7
github.com/gomdlint/gomdlint/internal/app/service/rules/md004.go:203.18,204.16 1 3
github.com/gomdlint/gomdlint/internal/app/service/rules/md004.go:205.18,206.16 1 10
github.com/gomdlint/gomdlint/internal/app/service/rules/md004.go:207.10,208.19 1 0
github.com/gomdlint/gomdlint/internal/app/service/rules/md004.go:213.46,214.15 1 10
github.com/gomdlint/gomdlint/internal/app/service/rules/md004.go:215.22,216.13 1 2
github.com/gomdlint/gomdlint/internal/app/service/rules/md004.go:217.18,218.13 1 0
github.com/gomdlint/gomdlint/internal/app/service/rules/md004.go:219.18,220.13 1 8
github.com/gomdlint/gomdlint/internal/app/service/rules/md004.go:221.10,222.13 1 0
github.com/gomdlint/gomdlint/internal/app/service/rules/md005.go:16.53,28.2 2 7
github.com/gomdlint/gomdlint/internal/app/service/rules/md005.go:30.104,40.36 4 6
github.com/gomdlint/gomdlint/internal/app/service/rules/md005.go:40.36,44.36 2 31
github.com/gomdlint/gomdlint/internal/app/service/rules/md005.go:44.36,45.12 1 1
github.com/gomdlint/gomdlint/internal/app/service/rules/md005.go:49.3,50.21 2 30
github.com/gomdlint/gomdlint/internal/app/service/rules/md005.go:50.21,51.12 1 1
github.com/gomdlint/gomdlint/internal/app/service/rules/md005.go:54.3,58.59 3 29
github.com/gomdlint/gomdlint/internal/app/service/rules/md005.go:58.59,59.31 1 53
github.com/gomdlint/gomdlint/internal/app/service/rules/md005.go:59.31,60.31 1 29
github.com/gomdlint/gomdlint/internal/app/service/rules/md005.go:60.31,62.6 1 24
github.com/gomdlint/gomdlint/internal/app/service/rules/md005.go:67.3,67.60 1 29
github.com/gomdlint/gomdlint/internal/app/service/rules/md005.go:67.60,69.32 1 12
github.com/gomdlint/gomdlint/internal/app/service/rules/md005.go:69.32,87.22 9 3
github.com/gomdlint/gomdlint/internal/app/service/rules/md005.go:87.22,94.6 1 3
github.com/gomdlint/gomdlint/internal/app/service/rules/md005.go:94.11,101.6 1 0
github.com/gomdlint/gomdlint/internal/app/service/rules/md005.go:103.5,104.48 2 3
github.com/gomdlint/gomdlint/internal/app/service/rules/md005.go:106.9,109.4 1 17
github.com/gomdlint/gomdlint/internal/app/service/rules/md005.go:112.2,112.34 1 6
github.com/gomdlint/gomdlint/internal/app/service/rules/md007.go:16.53,32.2 2 9
github.com/gomdlint/gomdlint/internal/app/service/rules/md007.go:34.104,49.36 7 12
github.com/gomdlint/gomdlint/internal/app/service/rules/md007.go:49.36,53.36 2 51
github.com/gomdlint/gomdlint/internal/app/service/rules/md007.go:53.36,54.12 1 0
github.com/gomdlint/gomdlint/internal/app/service/rules/md007.go:58.3,59.21 2 51
github.com/gomdlint/gomdlint/internal/app/service/rules/md007.go:59.21,62.12 2 0
github.com/gomdlint/gomdlint/internal/app/service/rules/md007.go:65.3,72.73 4 51
github.com/gomdlint/gomdlint/internal/app/service/rules/md007.go:72.73,75.4 1 36
github.com/gomdlint/gomdlint/internal/app/service/rules/md007.go:77.3,80.17 2 51
github.com/gomdlint/gomdlint/internal/app/service/rules/md007.go:80.17,82.21 1 22
github.com/gomdlint/gomdlint/internal/app/service/rules/md007.go:82.21,84.5 1 5
github.com/gomdlint/gomdlint/internal/app/service/rules/md007.go:84.10,86.5 1 17
github.com/gomdlint/gomdlint/internal/app/service/rules/md007.go:87.9,89.21 1 29
github.com/gomdlint/gomdlint/internal/app/service/rules/md007.go:89.21,91.5 1 6
github.com/gomdlint/gomdlint/internal/app/service/rules/md007.go:91.10,93.5 1 23
github.com/gomdlint/gomdlint/internal/app/service/rules/md007.go:97.3,97.37 1 51
github.com/gomdlint/gomdlint/internal/app/service/rules/md007.go:97.37,99.57 1 22
github.com/gomdlint/gomdlint/internal/app/service/rules/md007.go:99.57,117.22 9 22
github.com/gomdlint/gomdlint/internal/app/service/rules/md007.go:117.22,124.6 1 16
github.com/gomdlint/gomdlint/internal/app/service/rules/md007.go:124.11,131.6 1 6
github.com/gomdlint/gomdlint/internal/app/service/rules/md007.go:133.5,134.48 2 22
github.com/gomdlint/gomdlint/internal/app/service/rules/md007.go:139.3,139.46 1 51
github.com/gomdlint/gomdlint/internal/app/service/rules/md007.go:142.2,142.34 1 12
github.com/gomdlint/gomdlint/internal/app/service/rules/md007.go:146.67,152.27 4 22
github.com/gomdlint/gomdlint/internal/app/service/rules/md007.go:152.27,154.3 1 0
github.com/gomdlint/gomdlint/internal/app/service/rules/md007.go:155.2,158.40 2 22
github.com/gomdlint/gomdlint/internal/app/service/rules/md007.go:158.40,160.36 2 43
github.com/gomdlint/gomdlint/internal/app/service/rules/md007.go:160.36,161.12 1 0
github.com/gomdlint/gomdlint/internal/app/service/rules/md007.go:165.3,165.66 1 43
github.com/gomdlint/gomdlint/internal/app/service/rules/md007.go:165.66,167.32 2 0
github.com/gomdlint/gomdlint/internal/app/service/rules/md007.go:167.32,169.5 1 0
github.com/gomdlint/gomdlint/internal/app/service/rules/md007.go:173.3,173.110 1 43
github.com/gomdlint/gomdlint/internal/app/service/rules/md007.go:173.110,174.64 1 38
github.com/gomdlint/gomdlint/internal/app/service/rules/md007.go:174.64,175.10 1 0
github.com/gomdlint/gomdlint/internal/app/service/rules/md007.go:180.2,180.14 1 22
github.com/gomdlint/gomdlint/internal/app/service/rules/md009.go:16.53,32.2 2 8
github.com/gomdlint/gomdlint/internal/app/service/rules/md009.go:34.104,43.18 5 7
github.com/gomdlint/gomdlint/internal/app/service/rules/md009.go:43.18,45.3 1 1
github.com/gomdlint/gomdlint/internal/app/service/rules/md009.go:48.2,48.36 1 7
github.com/gomdlint/gomdlint/internal/app/service/rules/md009.go:48.36,53.26 3 23
github.com/gomdlint/gomdlint/internal/app/service/rules/md009.go:53.26,54.12 1 13
github.com/gomdlint/gomdlint/internal/app/service/rules/md009.go:58.3,58.94 1 10
github.com/gomdlint/gomdlint/internal/app/service/rules/md009.go:58.94,59.12 1 0
github.com/gomdlint/gomdlint/internal/app/service/rules/md009.go:63.3,67.24 3 10
github.com/gomdlint/gomdlint/internal/app/service/rules/md009.go:67.24,70.4 1 4
github.com/gomdlint/gomdlint/internal/app/service/rules/md009.go:70.9,72.52 1 6
github.com/gomdlint/gomdlint/internal/app/service/rules/md009.go:72.52,75.5 1 2
github.com/gomdlint/gomdlint/internal/app/service/rules/md009.go:75.10,75.21 1 4
github.com/gomdlint/gomdlint/internal/app/service/rules/md009.go:75.21,78.5 1 0
github.com/gomdlint/gomdlint/internal/app/service/rules/md009.go:82.3,82.17 1 10
github.com/gomdlint/gomdlint/internal/app/service/rules/md009.go:82.17,91.71 2 6
github.com/gomdlint/gomdlint/internal/app/service/rules/md009.go:91.71,93.5 1 21
github.com/gomdlint/gomdlint/internal/app/service/rules/md009.go:95.4,96.21 2 6
github.com/gomdlint/gomdlint/internal/app/service/rules/md009.go:96.21,98.5 1 2
github.com/gomdlint/gomdlint/internal/app/service/rules/md009.go:100.4,113.47 6 6
github.com/gomdlint/gomdlint/internal/app/service/rules/md009.go:117.2,117.34 1 7
github.com/gomdlint/gomdlint/internal/app/service/rules/md009.go:121.45,123.38 2 23
github.com/gomdlint/gomdlint/internal/app/service/rules/md009.go:123.38,124.21 1 45
github.com/gomdlint/gomdlint/internal/app/service/rules/md009.go:124.21,126.4 1 24
github.com/gomdlint/gomdlint/internal/app/service/rules/md009.go:126.9,127.9 1 21
github.com/gomdlint/gomdlint/internal/app/service/rules/md009.go:130.2,130.14 1 23
github.com/gomdlint/gomdlint/internal/app/service/rules/md009.go:134.117,137.28 2 10
github.com/gomdlint/gomdlint/internal/app/service/rules/md009.go:137.28,139.3 1 0
github.com/gomdlint/gomdlint/internal/app/service/rules/md009.go:142.2,142.35 1 10
github.com/gomdlint/gomdlint/internal/app/service/rules/md009.go:142.35,144.3 1 0
github.com/gomdlint/gomdlint/internal/app/service/rules/md009.go:147.2,147.75 1 10
github.com/gomdlint/gomdlint/internal/app/service/rules/md009.go:147.75,149.36 2 0
github.com/gomdlint/gomdlint/internal/app/service/rules/md009.go:149.36,151.4 1 0
github.com/gomdlint/gomdlint/internal/app/service/rules/md009.go:154.2,154.14 1 10
github.com/gomdlint/gomdlint/internal/app/service/rules/md009.go:158.61,160.30 1 6
github.com/gomdlint/gomdlint/internal/app/service/rules/md009.go:160.30,162.3 1 1
github.com/gomdlint/gomdlint/internal/app/service/rules/md009.go:164.2,168.23 3 5
github.com/gomdlint/gomdlint/internal/app/service/rules/md009.go:168.23,170.3 1 0
github.com/gomdlint/gomdlint/internal/app/service/rules/md009.go:173.2,174.40 2 5
github.com/gomdlint/gomdlint/internal/app/service/rules/md009.go:174.40,175.46 1 59
github.com/gomdlint/gomdlint/internal/app/service/rules/md009.go:175.46,177.4 1 1
github.com/gomdlint/gomdlint/internal/app/service/rules/md009.go:181.2,182.38 2 4
github.com/gomdlint/gomdlint/internal/app/service/rules/md009.go:182.38,184.3 1 0
github.com/gomdlint/gomdlint/internal/app/service/rules/md009.go:187.2,187.84 1 4
github.com/gomdlint/gomdlint/internal/app/service/rules/md009.go:187.84,189.3 1 0
github.com/gomdlint/gomdlint/internal/app/service/rules/md009.go:192.2,192.13 1 4
github.com/gomdlint/gomdlint/internal/app/service/rules/md010.go:15.53,31.2 2 9
github.com/gomdlint/gomdlint/internal/app/service/rules/md010.go:33.104,43.43 6 11
github.com/gomdlint/gomdlint/internal/app/service/rules/md010.go:43.43,45.3 1 0
github.com/gomdlint/gomdlint/internal/app/service/rules/md010.go:48.2,48.36 1 11
github.com/gomdlint/gomdlint/internal/app/service/rules/md010.go:48.36,53.29 3 62
github.com/gomdlint/gomdlint/internal/app/service/rules/md010.go:53.29,54.12 1 27
github.com/gomdlint/gomdlint/internal/app/service/rules/md010.go:58.3,58.81 1 35
github.com/gomdlint/gomdlint/internal/app/service/rules/md010.go:58.81,59.12 1 2
github.com/gomdlint/gomdlint/internal/app/service/rules/md010.go:63.3,63.39 1 33
github.com/gomdlint/gomdlint/internal/app/service/rules/md010.go:63.39,84.4 6 61
github.com/gomdlint/gomdlint/internal/app/service/rules/md010.go:87.2,87.34 1 11
github.com/gomdlint/gomdlint/internal/app/service/rules/md010.go:91.42,93.28 2 62
github.com/gomdlint/gomdlint/internal/app/service/rules/md010.go:93.28,94.19 1 995
github.com/gomdlint/gomdlint/internal/app/service/rules/md010.go:94.19,96.4 1 65
github.com/gomdlint/gomdlint/internal/app/service/rules/md010.go:98.2,98.18 1 62
github.com/gomdlint/gomdlint/internal/app/service/rules/md010.go:102.118,105.28 2 35
github.com/gomdlint/gomdlint/internal/app/service/rules/md010.go:105.28,107.3 1 0
github.com/gomdlint/gomdlint/internal/app/service/rules/md010.go:110.2,110.50 1 35
github.com/gomdlint/gomdlint/internal/app/service/rules/md010.go:110.50,112.3 1 2
github.com/gomdlint/gomdlint/internal/app/service/rules/md010.go:115.2,115.55 1 33
github.com/gomdlint/gomdlint/internal/app/service/rules/md010.go:115.55,116.80 1 6
github.com/gomdlint/gomdlint/internal/app/service/rules/md010.go:116.80,117.52 1 0
github.com/gomdlint/gomdlint/internal/app/service/rules/md010.go:117.52,119.5 1 0
github.com/gomdlint/gomdlint/internal/app/service/rules/md010.go:123.2,123.14 1 33
github.com/gomdlint/gomdlint/internal/app/service/rules/md010.go:127.81,129.60 2 63
github.com/gomdlint/gomdlint/internal/app/service/rules/md010.go:129.60,130.35 1 63
github.com/gomdlint/gomdlint/internal/app/service/rules/md010.go:130.35,132.72 1 202
github.com/gomdlint/gomdlint/internal/app/service/rules/md010.go:132.72,134.28 1 63
github.com/gomdlint/gomdlint/internal/app/service/rules/md010.go:134.28,135.73 1 0
github.com/gomdlint/gomdlint/internal/app/service/rules/md010.go:135.73,137.7 1 0
github.com/gomdlint/gomdlint/internal/app/service/rules/md010.go:140.5,140.18 1 63
github.com/gomdlint/gomdlint/internal/app/service/rules/md010.go:143.3,143.13 1 0
github.com/gomdlint/gomdlint/internal/app/service/rules/md010.go:146.2,146.29 1 63
github.com/gomdlint/gomdlint/internal/app/service/rules/md010.go:150.87,151.42 1 120
github.com/gomdlint/gomdlint/internal/app/service/rules/md010.go:151.42,152.40 1 113
github.com/gomdlint/gomdlint/internal/app/service/rules/md010.go:152.40,154.4 1 112
github.com/gomdlint/gomdlint/internal/app/service/rules/md010.go:156.2,156.21 1 8
github.com/gomdlint/gomdlint/internal/app/service/rules/md010.go:159.79,160.42 1 40
github.com/gomdlint/gomdlint/internal/app/service/rules/md010.go:160.42,161.45 1 34
github.com/gomdlint/gomdlint/internal/app/service/rules/md010.go:161.45,163.31 2 30
github.com/gomdlint/gomdlint/internal/app/service/rules/md010.go:163.31,164.37 1 22
github.com/gomdlint/gomdlint/internal/app/service/rules/md010.go:164.37,166.6 1 22
github.com/gomdlint/gomdlint/internal/app/service/rules/md010.go:168.4,168.17 1 30
github.com/gomdlint/gomdlint/internal/app/service/rules/md010.go:170.3,170.40 1 4
github.com/gomdlint/gomdlint/internal/app/service/rules/md010.go:170.40,172.4 1 4
github.com/gomdlint/gomdlint/internal/app/service/rules/md010.go:174.2,174.19 1 6
github.com/gomdlint/gomdlint/internal/app/service/rules/md010.go:177.84,178.42 1 122
github.com/gomdlint/gomdlint/internal/app/service/rules/md010.go:178.42,179.38 1 121
github.com/gomdlint/gomdlint/internal/app/service/rules/md010.go:179.38,181.4 1 119
github.com/gomdlint/gomdlint/internal/app/service/rules/md010.go:182.3,182.44 1 2
github.com/gomdlint/gomdlint/internal/app/service/rules/md010.go:182.44,184.4 1 1
github.com/gomdlint/gomdlint/internal/app/service/rules/md010.go:186.2,186.21 1 2
github.com/gomdlint/gomdlint/internal/app/service/rules/md011.go:15.53,27.2 2 6
github.com/gomdlint/gomdlint/internal/app/service/rules/md011.go:29.104,38.36 4 5
github.com/gomdlint/gomdlint/internal/app/service/rules/md011.go:38.36,42.36 2 17
github.com/gomdlint/gomdlint/internal/app/service/rules/md011.go:42.36,43.12 1 0
github.com/gomdlint/gomdlint/internal/app/service/rules/md011.go:47.3,50.33 3 17
github.com/gomdlint/gomdlint/internal/app/service/rules/md011.go:50.33,52.43 1 5
github.com/gomdlint/gomdlint/internal/app/service/rules/md011.go:52.43,53.13 1 0
github.com/gomdlint/gomdlint/internal/app/service/rules/md011.go:56.4,82.47 12 5
github.com/gomdlint/gomdlint/internal/app/service/rules/md011.go:86.2,86.34 1 5
github.com/gomdlint/gomdlint/internal/app/service/rules/md012.go:15.53,29.2 2 8
github.com/gomdlint/gomdlint/internal/app/service/rules/md012.go:31.104,42.36 6 7
github.com/gomdlint/gomdlint/internal/app/service/rules/md012.go:42.36,46.127 2 55
github.com/gomdlint/gomdlint/internal/app/service/rules/md012.go:46.127,49.12 3 1
github.com/gomdlint/gomdlint/internal/app/service/rules/md012.go:50.9,50.133 1 54
github.com/gomdlint/gomdlint/internal/app/service/rules/md012.go:50.133,53.12 3 1
github.com/gomdlint/gomdlint/internal/app/service/rules/md012.go:57.3,57.18 1 53
github.com/gomdlint/gomdlint/internal/app/service/rules/md012.go:57.18,58.12 1 4
github.com/gomdlint/gomdlint/internal/app/service/rules/md012.go:62.3,64.14 2 49
github.com/gomdlint/gomdlint/internal/app/service/rules/md012.go:64.14,65.34 1 30
github.com/gomdlint/gomdlint/internal/app/service/rules/md012.go:65.34,67.5 1 13
github.com/gomdlint/gomdlint/internal/app/service/rules/md012.go:68.4,68.27 1 30
github.com/gomdlint/gomdlint/internal/app/service/rules/md012.go:69.9,71.39 1 19
github.com/gomdlint/gomdlint/internal/app/service/rules/md012.go:71.39,91.5 7 8
github.com/gomdlint/gomdlint/internal/app/service/rules/md012.go:92.4,92.29 1 19
github.com/gomdlint/gomdlint/internal/app/service/rules/md012.go:97.2,97.37 1 7
github.com/gomdlint/gomdlint/internal/app/service/rules/md012.go:97.37,117.3 7 0
github.com/gomdlint/gomdlint/internal/app/service/rules/md012.go:119.2,119.34 1 7
github.com/gomdlint/gomdlint/internal/app/service/rules/md013.go:17.53,38.2 2 8
github.com/gomdlint/gomdlint/internal/app/service/rules/md013.go:40.104,56.36 10 7
github.com/gomdlint/gomdlint/internal/app/service/rules/md013.go:56.36,60.36 2 19
github.com/gomdlint/gomdlint/internal/app/service/rules/md013.go:60.36,61.12 1 1
github.com/gomdlint/gomdlint/internal/app/service/rules/md013.go:65.3,71.85 3 18
github.com/gomdlint/gomdlint/internal/app/service/rules/md013.go:71.85,72.12 1 1
github.com/gomdlint/gomdlint/internal/app/service/rules/md013.go:76.3,79.34 2 17
github.com/gomdlint/gomdlint/internal/app/service/rules/md013.go:79.34,99.4 7 8
github.com/gomdlint/gomdlint/internal/app/service/rules/md013.go:102.2,102.34 1 7
github.com/gomdlint/gomdlint/internal/app/service/rules/md013.go:119.71,121.28 2 18
github.com/gomdlint/gomdlint/internal/app/service/rules/md013.go:121.28,123.3 1 0
github.com/gomdlint/gomdlint/internal/app/service/rules/md013.go:125.2,125.9 1 18
github.com/gomdlint/gomdlint/internal/app/service/rules/md013.go:126.35,127.24 1 6
github.com/gomdlint/gomdlint/internal/app/service/rules/md013.go:128.37,129.26 1 1
github.com/gomdlint/gomdlint/internal/app/service/rules/md013.go:130.55,131.22 1 0
github.com/gomdlint/gomdlint/internal/app/service/rules/md013.go:132.57,133.27 1 0
github.com/gomdlint/gomdlint/internal/app/service/rules/md013.go:134.55,135.21 1 0
github.com/gomdlint/gomdlint/internal/app/service/rules/md013.go:136.106,137.21 1 0
github.com/gomdlint/gomdlint/internal/app/service/rules/md013.go:138.10,139.26 1 11
github.com/gomdlint/gomdlint/internal/app/service/rules/md013.go:144.110,145.17 1 18
github.com/gomdlint/gomdlint/internal/app/service/rules/md013.go:146.22,147.27 1 6
github.com/gomdlint/gomdlint/internal/app/service/rules/md013.go:148.24,149.29 1 1
github.com/gomdlint/gomdlint/internal/app/service/rules/md013.go:150.10,151.20 1 11
github.com/gomdlint/gomdlint/internal/app/service/rules/md013.go:156.102,157.17 1 18
github.com/gomdlint/gomdlint/internal/app/service/rules/md013.go:158.24,159.25 1 1
github.com/gomdlint/gomdlint/internal/app/service/rules/md013.go:160.20,161.21 1 0
github.com/gomdlint/gomdlint/internal/app/service/rules/md013.go:162.22,163.23 1 6
github.com/gomdlint/gomdlint/internal/app/service/rules/md013.go:164.10,165.14 1 11
github.com/gomdlint/gomdlint/internal/app/service/rules/md013.go:170.106,175.11 2 17
github.com/gomdlint/gomdlint/internal/app/service/rules/md013.go:175.11,177.3 1 0
github.com/gomdlint/gomdlint/internal/app/service/rules/md013.go:180.2,180.33 1 17
github.com/gomdlint/gomdlint/internal/app/service/rules/md013.go:180.33,184.3 2 0
github.com/gomdlint/gomdlint/internal/app/service/rules/md013.go:188.2,189.33 2 17
github.com/gomdlint/gomdlint/internal/app/service/rules/md013.go:189.33,192.21 2 0
github.com/gomdlint/gomdlint/internal/app/service/rules/md013.go:192.21,194.4 1 0
github.com/gomdlint/gomdlint/internal/app/service/rules/md013.go:198.2,198.16 1 17
github.com/gomdlint/gomdlint/internal/app/service/rules/md013.go:198.16,200.3 1 0
github.com/gomdlint/gomdlint/internal/app/service/rules/md013.go:202.2,202.15 1 17
github.com/gomdlint/gomdlint/internal/app/service/rules/md014.go:14.53,26.2 2 7
github.com/gomdlint/gomdlint/internal/app/service/rules/md014.go:28.104,36.36 5 6
github.com/gomdlint/gomdlint/internal/app/service/rules/md014.go:36.36,41.77 3 38
github.com/gomdlint/gomdlint/internal/app/service/rules/md014.go:41.77,42.20 1 10
github.com/gomdlint/gomdlint/internal/app/service/rules/md014.go:42.20,47.5 3 5
github.com/gomdlint/gomdlint/internal/app/service/rules/md014.go:47.10,52.5 3 5
github.com/gomdlint/gomdlint/internal/app/service/rules/md014.go:53.4,53.12 1 10
github.com/gomdlint/gomdlint/internal/app/service/rules/md014.go:57.3,57.18 1 28
github.com/gomdlint/gomdlint/internal/app/service/rules/md014.go:57.18,59.4 1 16
github.com/gomdlint/gomdlint/internal/app/service/rules/md014.go:62.3,62.89 1 28
github.com/gomdlint/gomdlint/internal/app/service/rules/md014.go:62.89,65.4 1 1
github.com/gomdlint/gomdlint/internal/app/service/rules/md014.go:69.2,69.17 1 6
github.com/gomdlint/gomdlint/internal/app/service/rules/md014.go:69.17,71.3 1 0
github.com/gomdlint/gomdlint/internal/app/service/rules/md014.go:73.2,73.34 1 6
github.com/gomdlint/gomdlint/internal/app/service/rules/md014.go:77.76,80.21 2 5
github.com/gomdlint/gomdlint/internal/app/service/rules/md014.go:80.21,82.3 1 0
github.com/gomdlint/gomdlint/internal/app/service/rules/md014.go:85.2,89.29 4 5
github.com/gomdlint/gomdlint/internal/app/service/rules/md014.go:89.29,91.20 2 16
github.com/gomdlint/gomdlint/internal/app/service/rules/md014.go:91.20,92.12 1 0
github.com/gomdlint/gomdlint/internal/app/service/rules/md014.go:95.3,95.39 1 16
github.com/gomdlint/gomdlint/internal/app/service/rules/md014.go:95.39,97.4 1 8
github.com/gomdlint/gomdlint/internal/app/service/rules/md014.go:97.9,99.29 2 8
github.com/gomdlint/gomdlint/internal/app/service/rules/md014.go:99.29,102.5 1 7
github.com/gomdlint/gomdlint/internal/app/service/rules/md014.go:107.2,107.63 1 5
github.com/gomdlint/gomdlint/internal/app/service/rules/md014.go:107.63,108.42 1 1
github.com/gomdlint/gomdlint/internal/app/service/rules/md014.go:108.42,135.4 10 2
github.com/gomdlint/gomdlint/internal/app/service/rules/md014.go:138.2,138.19 1 5
github.com/gomdlint/gomdlint/internal/app/service/rules/md014.go:142.75,147.37 3 1
github.com/gomdlint/gomdlint/internal/app/service/rules/md014.go:147.37,149.3 1 1
github.com/gomdlint/gomdlint/internal/app/service/rules/md014.go:149.8,149.42 1 0
github.com/gomdlint/gomdlint/internal/app/service/rules/md014.go:149.42,151.3 1 0
github.com/gomdlint/gomdlint/internal/app/service/rules/md014.go:153.2,154.38 2 1
github.com/gomdlint/gomdlint/internal/app/service/rules/md014.go:154.38,171.3 4 1
github.com/gomdlint/gomdlint/internal/app/service/rules/md014.go:173.2,173.19 1 1
github.com/gomdlint/gomdlint/internal/app/service/rules/md018.go:15.53,27.2 2 6
github.com/gomdlint/gomdlint/internal/app/service/rules/md018.go:29.104,37.36 3 5
github.com/gomdlint/gomdlint/internal/app/service/rules/md018.go:37.36,41.36 2 18
github.com/gomdlint/gomdlint/internal/app/service/rules/md018.go:41.36,42.12 1 0
github.com/gomdlint/gomdlint/internal/app/service/rules/md018.go:46.3,47.21 2 18
github.com/gomdlint/gomdlint/internal/app/service/rules/md018.go:47.21,48.12 1 7
github.com/gomdlint/gomdlint/internal/app/service/rules/md018.go:51.3,75.46 9 11
github.com/gomdlint/gomdlint/internal/app/service/rules/md018.go:78.2,78.34 1 5
github.com/gomdlint/gomdlint/internal/app/service/rules/md019.go:16.53,28.2 2 6
github.com/gomdlint/gomdlint/internal/app/service/rules/md019.go:30.104,38.36 3 5
github.com/gomdlint/gomdlint/internal/app/service/rules/md019.go:38.36,42.36 2 18
github.com/gomdlint/gomdlint/internal/app/service/rules/md019.go:42.36,43.12 1 0
github.com/gomdlint/gomdlint/internal/app/service/rules/md019.go:47.3,48.21 2 18
github.com/gomdlint/gomdlint/internal/app/service/rules/md019.go:48.21,49.12 1 6
github.com/gomdlint/gomdlint/internal/app/service/rules/md019.go:52.3,81.46 13 12
github.com/gomdlint/gomdlint/internal/app/service/rules/md019.go:84.2,84.34 1 5
github.com/gomdlint/gomdlint/internal/app/service/rules/md020.go:15.53,27.2 2 5
github.com/gomdlint/gomdlint/internal/app/service/rules/md020.go:29.104,37.36 3 4
github.com/gomdlint/gomdlint/internal/app/service/rules/md020.go:37.36,41.36 2 12
github.com/gomdlint/gomdlint/internal/app/service/rules/md020.go:41.36,42.12 1 0
github.com/gomdlint/gomdlint/internal/app/service/rules/md020.go:46.3,47.21 2 12
github.com/gomdlint/gomdlint/internal/app/service/rules/md020.go:47.21,48.12 1 1
github.com/gomdlint/gomdlint/internal/app/service/rules/md020.go:51.3,57.28 5 11
github.com/gomdlint/gomdlint/internal/app/service/rules/md020.go:57.28,58.12 1 0
github.com/gomdlint/gomdlint/internal/app/service/rules/md020.go:62.3,67.55 3 11
github.com/gomdlint/gomdlint/internal/app/service/rules/md020.go:67.55,76.56 3 3
github.com/gomdlint/gomdlint/internal/app/service/rules/md020.go:76.56,78.5 1 2
github.com/gomdlint/gomdlint/internal/app/service/rules/md020.go:78.10,78.36 1 1
github.com/gomdlint/gomdlint/internal/app/service/rules/md020.go:78.36,80.5 1 0
github.com/gomdlint/gomdlint/internal/app/service/rules/md020.go:80.10,82.5 1 1
github.com/gomdlint/gomdlint/internal/app/service/rules/md020.go:84.4,89.70 4 3
github.com/gomdlint/gomdlint/internal/app/service/rules/md020.go:89.70,91.5 1 2
github.com/gomdlint/gomdlint/internal/app/service/rules/md020.go:92.4,92.72 1 3
github.com/gomdlint/gomdlint/internal/app/service/rules/md020.go:92.72,94.5 1 3
github.com/gomdlint/gomdlint/internal/app/service/rules/md020.go:96.4,105.47 4 3
github.com/gomdlint/gomdlint/internal/app/service/rules/md020.go:109.2,109.34 1 4
github.com/gomdlint/gomdlint/internal/app/service/rules/md021.go:16.53,28.2 2 5
github.com/gomdlint/gomdlint/internal/app/service/rules/md021.go:30.104,38.36 3 4
github.com/gomdlint/gomdlint/internal/app/service/rules/md021.go:38.36,42.36 2 12
github.com/gomdlint/gomdlint/internal/app/service/rules/md021.go:42.36,43.12 1 0
github.com/gomdlint/gomdlint/internal/app/service/rules/md021.go:47.3,48.21 2 12
github.com/gomdlint/gomdlint/internal/app/service/rules/md021.go:48.21,49.12 1 0
github.com/gomdlint/gomdlint/internal/app/service/rules/md021.go:52.3,60.28 7 12
github.com/gomdlint/gomdlint/internal/app/service/rules/md021.go:60.28,61.12 1 0
github.com/gomdlint/gomdlint/internal/app/service/rules/md021.go:65.3,70.59 3 12
github.com/gomdlint/gomdlint/internal/app/service/rules/md021.go:70.59,79.60 3 5
github.com/gomdlint/gomdlint/internal/app/service/rules/md021.go:79.60,81.5 1 3
github.com/gomdlint/gomdlint/internal/app/service/rules/md021.go:81.10,81.38 1 2
github.com/gomdlint/gomdlint/internal/app/service/rules/md021.go:81.38,83.5 1 0
github.com/gomdlint/gomdlint/internal/app/service/rules/md021.go:83.10,85.5 1 2
github.com/gomdlint/gomdlint/internal/app/service/rules/md021.go:87.4,92.28 4 5
github.com/gomdlint/gomdlint/internal/app/service/rules/md021.go:92.28,94.5 1 0
github.com/gomdlint/gomdlint/internal/app/service/rules/md021.go:96.4,97.29 2 5
github.com/gomdlint/gomdlint/internal/app/service/rules/md021.go:97.29,99.5 1 0
github.com/gomdlint/gomdlint/internal/app/service/rules/md021.go:101.4,110.47 4 5
github.com/gomdlint/gomdlint/internal/app/service/rules/md021.go:114.2,114.34 1 4
github.com/gomdlint/gomdlint/internal/app/service/rules/md022.go:16.53,31.2 2 6
github.com/gomdlint/gomdlint/internal/app/service/rules/md022.go:33.104,45.36 6 8
github.com/gomdlint/gomdlint/internal/app/service/rules/md022.go:45.36,49.20 3 55
github.com/gomdlint/gomdlint/internal/app/service/rules/md022.go:49.20,50.12 1 13
github.com/gomdlint/gomdlint/internal/app/service/rules/md022.go:53.3,58.67 4 42
github.com/gomdlint/gomdlint/internal/app/service/rules/md022.go:58.67,62.4 3 24
github.com/gomdlint/gomdlint/internal/app/service/rules/md022.go:65.3,65.59 1 42
github.com/gomdlint/gomdlint/internal/app/service/rules/md022.go:65.59,67.22 2 0
github.com/gomdlint/gomdlint/internal/app/service/rules/md022.go:67.22,70.40 3 0
github.com/gomdlint/gomdlint/internal/app/service/rules/md022.go:70.40,72.6 1 0
github.com/gomdlint/gomdlint/internal/app/service/rules/md022.go:73.5,77.13 3 0
github.com/gomdlint/gomdlint/internal/app/service/rules/md022.go:81.3,81.16 1 42
github.com/gomdlint/gomdlint/internal/app/service/rules/md022.go:81.16,83.4 1 24
github.com/gomdlint/gomdlint/internal/app/service/rules/md022.go:86.2,86.34 1 8
github.com/gomdlint/gomdlint/internal/app/service/rules/md022.go:90.134,95.22 3 24
github.com/gomdlint/gomdlint/internal/app/service/rules/md022.go:95.22,97.42 2 17
github.com/gomdlint/gomdlint/internal/app/service/rules/md022.go:97.42,98.41 1 24
github.com/gomdlint/gomdlint/internal/app/service/rules/md022.go:98.41,100.5 1 7
github.com/gomdlint/gomdlint/internal/app/service/rules/md022.go:100.10,101.10 1 17
github.com/gomdlint/gomdlint/internal/app/service/rules/md022.go:105.3,105.35 1 17
github.com/gomdlint/gomdlint/internal/app/service/rules/md022.go:105.35,129.4 9 9
github.com/gomdlint/gomdlint/internal/app/service/rules/md022.go:133.2,134.14 2 24
github.com/gomdlint/gomdlint/internal/app/service/rules/md022.go:134.14,136.3 1 0
github.com/gomdlint/gomdlint/internal/app/service/rules/md022.go:138.2,138.31 1 24
github.com/gomdlint/gomdlint/internal/app/service/rules/md022.go:138.31,140.48 2 23
github.com/gomdlint/gomdlint/internal/app/service/rules/md022.go:140.48,141.41 1 34
github.com/gomdlint/gomdlint/internal/app/service/rules/md022.go:141.41,143.5 1 11
github.com/gomdlint/gomdlint/internal/app/service/rules/md022.go:143.10,144.10 1 23
github.com/gomdlint/gomdlint/internal/app/service/rules/md022.go:148.3,148.35 1 23
github.com/gomdlint/gomdlint/internal/app/service/rules/md022.go:148.35,165.16 8 12
github.com/gomdlint/gomdlint/internal/app/service/rules/md022.go:165.16,167.5 1 0
github.com/gomdlint/gomdlint/internal/app/service/rules/md022.go:169.4,176.47 3 12
github.com/gomdlint/gomdlint/internal/app/service/rules/md022.go:180.2,180.19 1 24
github.com/gomdlint/gomdlint/internal/app/service/rules/md023.go:15.53,27.2 2 5
github.com/gomdlint/gomdlint/internal/app/service/rules/md023.go:29.104,39.36 4 4
github.com/gomdlint/gomdlint/internal/app/service/rules/md023.go:39.36,43.36 2 13
github.com/gomdlint/gomdlint/internal/app/service/rules/md023.go:43.36,44.12 1 0
github.com/gomdlint/gomdlint/internal/app/service/rules/md023.go:48.3,48.75 1 13
github.com/gomdlint/gomdlint/internal/app/service/rules/md023.go:48.75,52.29 2 5
github.com/gomdlint/gomdlint/internal/app/service/rules/md023.go:52.29,74.5 8 5
github.com/gomdlint/gomdlint/internal/app/service/rules/md023.go:78.3,78.87 1 13
github.com/gomdlint/gomdlint/internal/app/service/rules/md023.go:78.87,80.22 2 0
github.com/gomdlint/gomdlint/internal/app/service/rules/md023.go:80.22,84.30 2 0
github.com/gomdlint/gomdlint/internal/app/service/rules/md023.go:84.30,106.6 8 0
github.com/gomdlint/gomdlint/internal/app/service/rules/md023.go:111.2,111.34 1 4
github.com/gomdlint/gomdlint/internal/app/service/rules/md023.go:115.39,120.2 2 5
github.com/gomdlint/gomdlint/internal/app/service/rules/md024.go:15.53,29.2 2 8
github.com/gomdlint/gomdlint/internal/app/service/rules/md024.go:38.104,51.36 6 7
github.com/gomdlint/gomdlint/internal/app/service/rules/md024.go:51.36,55.20 3 43
github.com/gomdlint/gomdlint/internal/app/service/rules/md024.go:55.20,56.12 1 2
github.com/gomdlint/gomdlint/internal/app/service/rules/md024.go:59.3,63.67 3 41
github.com/gomdlint/gomdlint/internal/app/service/rules/md024.go:63.67,70.4 2 27
github.com/gomdlint/gomdlint/internal/app/service/rules/md024.go:73.3,73.59 1 41
github.com/gomdlint/gomdlint/internal/app/service/rules/md024.go:73.59,75.22 2 3
github.com/gomdlint/gomdlint/internal/app/service/rules/md024.go:75.22,77.40 2 3
github.com/gomdlint/gomdlint/internal/app/service/rules/md024.go:77.40,79.6 1 1
github.com/gomdlint/gomdlint/internal/app/service/rules/md024.go:80.5,85.21 2 3
github.com/gomdlint/gomdlint/internal/app/service/rules/md024.go:89.3,89.16 1 41
github.com/gomdlint/gomdlint/internal/app/service/rules/md024.go:89.16,91.44 1 30
github.com/gomdlint/gomdlint/internal/app/service/rules/md024.go:91.44,92.42 1 38
github.com/gomdlint/gomdlint/internal/app/service/rules/md024.go:92.42,94.11 2 17
github.com/gomdlint/gomdlint/internal/app/service/rules/md024.go:98.4,98.40 1 30
github.com/gomdlint/gomdlint/internal/app/service/rules/md024.go:103.2,103.35 1 7
github.com/gomdlint/gomdlint/internal/app/service/rules/md024.go:103.35,104.42 1 30
github.com/gomdlint/gomdlint/internal/app/service/rules/md024.go:104.42,111.53 4 65
github.com/gomdlint/gomdlint/internal/app/service/rules/md024.go:111.53,115.21 2 15
github.com/gomdlint/gomdlint/internal/app/service/rules/md024.go:115.21,117.54 1 9
github.com/gomdlint/gomdlint/internal/app/service/rules/md024.go:117.54,120.7 1 0
github.com/gomdlint/gomdlint/internal/app/service/rules/md024.go:120.12,120.61 1 9
github.com/gomdlint/gomdlint/internal/app/service/rules/md024.go:120.61,123.7 1 9
github.com/gomdlint/gomdlint/internal/app/service/rules/md024.go:123.12,126.7 1 0
github.com/gomdlint/gomdlint/internal/app/service/rules/md024.go:129.5,129.19 1 15
github.com/gomdlint/gomdlint/internal/app/service/rules/md024.go:129.19,141.6 4 6
github.com/gomdlint/gomdlint/internal/app/service/rules/md024.go:146.2,146.34 1 7
github.com/gomdlint/gomdlint/internal/app/service/rules/md025.go:16.53,31.2 2 6
github.com/gomdlint/gomdlint/internal/app/service/rules/md025.go:33.104,42.33 5 7
github.com/gomdlint/gomdlint/internal/app/service/rules/md025.go:42.33,44.3 1 6
github.com/gomdlint/gomdlint/internal/app/service/rules/md025.go:47.2,57.23 7 7
github.com/gomdlint/gomdlint/internal/app/service/rules/md025.go:57.23,58.37 1 6
github.com/gomdlint/gomdlint/internal/app/service/rules/md025.go:58.37,63.73 3 28
github.com/gomdlint/gomdlint/internal/app/service/rules/md025.go:63.73,66.13 3 0
github.com/gomdlint/gomdlint/internal/app/service/rules/md025.go:69.4,69.60 1 28
github.com/gomdlint/gomdlint/internal/app/service/rules/md025.go:69.60,71.10 2 0
github.com/gomdlint/gomdlint/internal/app/service/rules/md025.go:74.4,74.53 1 28
github.com/gomdlint/gomdlint/internal/app/service/rules/md025.go:74.53,76.10 2 0
github.com/gomdlint/gomdlint/internal/app/service/rules/md025.go:82.2,82.36 1 7
github.com/gomdlint/gomdlint/internal/app/service/rules/md025.go:82.36,86.24 3 34
github.com/gomdlint/gomdlint/internal/app/service/rules/md025.go:86.24,87.12 1 0
github.com/gomdlint/gomdlint/internal/app/service/rules/md025.go:90.3,94.67 3 34
github.com/gomdlint/gomdlint/internal/app/service/rules/md025.go:94.67,97.4 2 24
github.com/gomdlint/gomdlint/internal/app/service/rules/md025.go:100.3,100.59 1 34
github.com/gomdlint/gomdlint/internal/app/service/rules/md025.go:100.59,102.22 2 0
github.com/gomdlint/gomdlint/internal/app/service/rules/md025.go:102.22,104.44 2 0
github.com/gomdlint/gomdlint/internal/app/service/rules/md025.go:104.44,106.6 1 0
github.com/gomdlint/gomdlint/internal/app/service/rules/md025.go:107.5,107.21 1 0
github.com/gomdlint/gomdlint/internal/app/service/rules/md025.go:112.3,112.47 1 34
github.com/gomdlint/gomdlint/internal/app/service/rules/md025.go:112.47,114.4 1 16
github.com/gomdlint/gomdlint/internal/app/service/rules/md025.go:118.2,119.25 2 7
github.com/gomdlint/gomdlint/internal/app/service/rules/md025.go:119.25,121.3 1 0
github.com/gomdlint/gomdlint/internal/app/service/rules/md025.go:124.2,124.42 1 7
github.com/gomdlint/gomdlint/internal/app/service/rules/md025.go:124.42,127.26 2 5
github.com/gomdlint/gomdlint/internal/app/service/rules/md025.go:127.26,129.4 1 0
github.com/gomdlint/gomdlint/internal/app/service/rules/md025.go:131.3,131.55 1 5
github.com/gomdlint/gomdlint/internal/app/service/rules/md025.go:131.55,142.27 4 10
github.com/gomdlint/gomdlint/internal/app/service/rules/md025.go:142.27,144.5 1 0
github.com/gomdlint/gomdlint/internal/app/service/rules/md025.go:144.10,146.5 1 10
github.com/gomdlint/gomdlint/internal/app/service/rules/md025.go:148.4,151.47 3 10
github.com/gomdlint/gomdlint/internal/app/service/rules/md025.go:155.2,155.34 1 7
github.com/gomdlint/gomdlint/internal/app/service/rules/md026.go:15.53,29.2 2 7
github.com/gomdlint/gomdlint/internal/app/service/rules/md026.go:31.104,37.23 3 6
github.com/gomdlint/gomdlint/internal/app/service/rules/md026.go:37.23,40.3 1 0
github.com/gomdlint/gomdlint/internal/app/service/rules/md026.go:43.2,44.35 2 6
github.com/gomdlint/gomdlint/internal/app/service/rules/md026.go:44.35,46.3 1 54
github.com/gomdlint/gomdlint/internal/app/service/rules/md026.go:49.2,56.36 4 6
github.com/gomdlint/gomdlint/internal/app/service/rules/md026.go:56.36,60.20 3 29
github.com/gomdlint/gomdlint/internal/app/service/rules/md026.go:60.20,61.12 1 0
github.com/gomdlint/gomdlint/internal/app/service/rules/md026.go:64.3,68.67 3 29
github.com/gomdlint/gomdlint/internal/app/service/rules/md026.go:68.67,71.4 2 29
github.com/gomdlint/gomdlint/internal/app/service/rules/md026.go:74.3,74.59 1 29
github.com/gomdlint/gomdlint/internal/app/service/rules/md026.go:74.59,76.22 2 0
github.com/gomdlint/gomdlint/internal/app/service/rules/md026.go:76.22,80.5 3 0
github.com/gomdlint/gomdlint/internal/app/service/rules/md026.go:83.3,83.37 1 29
github.com/gomdlint/gomdlint/internal/app/service/rules/md026.go:83.37,87.32 2 29
github.com/gomdlint/gomdlint/internal/app/service/rules/md026.go:87.32,89.49 1 13
github.com/gomdlint/gomdlint/internal/app/service/rules/md026.go:89.49,90.14 1 0
github.com/gomdlint/gomdlint/internal/app/service/rules/md026.go:93.5,108.71 6 13
github.com/gomdlint/gomdlint/internal/app/service/rules/md026.go:108.71,110.6 1 26
github.com/gomdlint/gomdlint/internal/app/service/rules/md026.go:113.5,113.36 1 13
github.com/gomdlint/gomdlint/internal/app/service/rules/md026.go:113.36,124.6 3 13
github.com/gomdlint/gomdlint/internal/app/service/rules/md026.go:124.11,133.6 2 0
github.com/gomdlint/gomdlint/internal/app/service/rules/md026.go:135.5,135.48 1 13
github.com/gomdlint/gomdlint/internal/app/service/rules/md026.go:140.2,140.34 1 6
github.com/gomdlint/gomdlint/internal/app/service/rules/md027.go:16.53,30.2 2 5
github.com/gomdlint/gomdlint/internal/app/service/rules/md027.go:32.104,42.36 4 4
github.com/gomdlint/gomdlint/internal/app/service/rules/md027.go:42.36,46.36 2 16
github.com/gomdlint/gomdlint/internal/app/service/rules/md027.go:46.36,47.12 1 1
github.com/gomdlint/gomdlint/internal/app/service/rules/md027.go:51.3,52.21 2 15
github.com/gomdlint/gomdlint/internal/app/service/rules/md027.go:52.21,53.12 1 10
github.com/gomdlint/gomdlint/internal/app/service/rules/md027.go:56.3,64.22 5 5
github.com/gomdlint/gomdlint/internal/app/service/rules/md027.go:64.22,66.42 2 0
github.com/gomdlint/gomdlint/internal/app/service/rules/md027.go:66.42,67.13 1 0
github.com/gomdlint/gomdlint/internal/app/service/rules/md027.go:71.3,71.28 1 5
github.com/gomdlint/gomdlint/internal/app/service/rules/md027.go:71.28,100.4 12 5
github.com/gomdlint/gomdlint/internal/app/service/rules/md027.go:103.2,103.34 1 4
github.com/gomdlint/gomdlint/internal/app/service/rules/md028.go:15.53,27.2 2 5
github.com/gomdlint/gomdlint/internal/app/service/rules/md028.go:29.104,40.36 5 4
github.com/gomdlint/gomdlint/internal/app/service/rules/md028.go:40.36,47.23 4 15
github.com/gomdlint/gomdlint/internal/app/service/rules/md028.go:47.23,48.21 1 11
github.com/gomdlint/gomdlint/internal/app/service/rules/md028.go:48.21,52.5 2 3
github.com/gomdlint/gomdlint/internal/app/service/rules/md028.go:52.10,55.5 1 8
github.com/gomdlint/gomdlint/internal/app/service/rules/md028.go:56.9,56.27 1 4
github.com/gomdlint/gomdlint/internal/app/service/rules/md028.go:56.27,57.20 1 3
github.com/gomdlint/gomdlint/internal/app/service/rules/md028.go:57.20,60.33 2 2
github.com/gomdlint/gomdlint/internal/app/service/rules/md028.go:60.33,73.6 4 2
github.com/gomdlint/gomdlint/internal/app/service/rules/md028.go:76.9,78.20 1 1
github.com/gomdlint/gomdlint/internal/app/service/rules/md028.go:78.20,82.5 2 0
github.com/gomdlint/gomdlint/internal/app/service/rules/md028.go:86.2,86.34 1 4
github.com/gomdlint/gomdlint/internal/app/service/rules/md028.go:90.65,93.47 2 2
github.com/gomdlint/gomdlint/internal/app/service/rules/md028.go:93.47,97.20 3 2
github.com/gomdlint/gomdlint/internal/app/service/rules/md028.go:97.20,98.12 1 0
github.com/gomdlint/gomdlint/internal/app/service/rules/md028.go:101.3,101.40 1 2
github.com/gomdlint/gomdlint/internal/app/service/rules/md028.go:101.40,103.4 1 2
github.com/gomdlint/gomdlint/internal/app/service/rules/md028.go:106.3,106.8 1 0
github.com/gomdlint/gomdlint/internal/app/service/rules/md028.go:109.2,109.11 1 0
github.com/gomdlint/gomdlint/internal/app/service/rules/md029.go:17.53,31.2 2 7
github.com/gomdlint/gomdlint/internal/app/service/rules/md029.go:33.104,46.36 5 6
github.com/gomdlint/gomdlint/internal/app/service/rules/md029.go:46.36,50.36 2 32
github.com/gomdlint/gomdlint/internal/app/service/rules/md029.go:50.36,51.12 1 5
github.com/gomdlint/gomdlint/internal/app/service/rules/md029.go:55.3,56.21 2 27
github.com/gomdlint/gomdlint/internal/app/service/rules/md029.go:56.21,58.74 1 3
github.com/gomdlint/gomdlint/internal/app/service/rules/md029.go:58.74,60.5 1 3
github.com/gomdlint/gomdlint/internal/app/service/rules/md029.go:61.4,61.12 1 3
github.com/gomdlint/gomdlint/internal/app/service/rules/md029.go:64.3,73.25 7 24
github.com/gomdlint/gomdlint/internal/app/service/rules/md029.go:73.25,83.4 2 6
github.com/gomdlint/gomdlint/internal/app/service/rules/md029.go:83.9,91.23 3 18
github.com/gomdlint/gomdlint/internal/app/service/rules/md029.go:92.15,93.23 1 2
github.com/gomdlint/gomdlint/internal/app/service/rules/md029.go:94.16,95.23 1 0
github.com/gomdlint/gomdlint/internal/app/service/rules/md029.go:96.19,97.42 1 12
github.com/gomdlint/gomdlint/internal/app/service/rules/md029.go:98.26,100.33 1 4
github.com/gomdlint/gomdlint/internal/app/service/rules/md029.go:100.33,103.6 1 4
github.com/gomdlint/gomdlint/internal/app/service/rules/md029.go:103.11,105.34 1 0
github.com/gomdlint/gomdlint/internal/app/service/rules/md029.go:105.34,107.7 1 0
github.com/gomdlint/gomdlint/internal/app/service/rules/md029.go:107.12,109.7 1 0
github.com/gomdlint/gomdlint/internal/app/service/rules/md029.go:113.4,113.32 1 18
github.com/gomdlint/gomdlint/internal/app/service/rules/md029.go:113.32,137.5 9 10
github.com/gomdlint/gomdlint/internal/app/service/rules/md029.go:140.4,140.97 1 18
github.com/gomdlint/gomdlint/internal/app/service/rules/md029.go:140.97,142.5 1 16
github.com/gomdlint/gomdlint/internal/app/service/rules/md029.go:146.3,146.73 1 24
github.com/gomdlint/gomdlint/internal/app/service/rules/md029.go:146.73,148.4 1 0
github.com/gomdlint/gomdlint/internal/app/service/rules/md029.go:151.2,151.34 1 6
github.com/gomdlint/gomdlint/internal/app/service/rules/md029.go:163.59,164.39 1 24
github.com/gomdlint/gomdlint/internal/app/service/rules/md029.go:164.39,165.32 1 18
github.com/gomdlint/gomdlint/internal/app/service/rules/md029.go:165.32,167.4 1 18
github.com/gomdlint/gomdlint/internal/app/service/rules/md029.go:169.2,169.11 1 6
github.com/gomdlint/gomdlint/internal/app/service/rules/md029.go:173.58,174.15 1 6
github.com/gomdlint/gomdlint/internal/app/service/rules/md029.go:175.13,176.11 1 1
github.com/gomdlint/gomdlint/internal/app/service/rules/md029.go:177.14,178.11 1 0
github.com/gomdlint/gomdlint/internal/app/service/rules/md029.go:179.17,180.21 1 3
github.com/gomdlint/gomdlint/internal/app/service/rules/md029.go:181.24,182.21 1 2
github.com/gomdlint/gomdlint/internal/app/service/rules/md029.go:183.10,184.11 1 0
github.com/gomdlint/gomdlint/internal/app/service/rules/md030.go:16.53,33.2 2 6
github.com/gomdlint/gomdlint/internal/app/service/rules/md030.go:35.104,49.36 8 5
github.com/gomdlint/gomdlint/internal/app/service/rules/md030.go:49.36,53.36 2 33
github.com/gomdlint/gomdlint/internal/app/service/rules/md030.go:53.36,54.12 1 5
github.com/gomdlint/gomdlint/internal/app/service/rules/md030.go:58.3,58.66 1 28
github.com/gomdlint/gomdlint/internal/app/service/rules/md030.go:58.66,67.19 7 15
github.com/gomdlint/gomdlint/internal/app/service/rules/md030.go:67.19,69.5 1 0
github.com/gomdlint/gomdlint/internal/app/service/rules/md030.go:71.4,72.38 2 15
github.com/gomdlint/gomdlint/internal/app/service/rules/md030.go:72.38,81.20 3 8
github.com/gomdlint/gomdlint/internal/app/service/rules/md030.go:81.20,83.6 1 0
github.com/gomdlint/gomdlint/internal/app/service/rules/md030.go:85.5,102.48 10 8
github.com/gomdlint/gomdlint/internal/app/service/rules/md030.go:107.3,107.66 1 28
github.com/gomdlint/gomdlint/internal/app/service/rules/md030.go:107.66,116.19 7 11
github.com/gomdlint/gomdlint/internal/app/service/rules/md030.go:116.19,118.5 1 0
github.com/gomdlint/gomdlint/internal/app/service/rules/md030.go:120.4,121.38 2 11
github.com/gomdlint/gomdlint/internal/app/service/rules/md030.go:121.38,130.20 3 5
github.com/gomdlint/gomdlint/internal/app/service/rules/md030.go:130.20,132.6 1 0
github.com/gomdlint/gomdlint/internal/app/service/rules/md030.go:134.5,151.48 10 5
github.com/gomdlint/gomdlint/internal/app/service/rules/md030.go:156.2,156.34 1 5
github.com/gomdlint/gomdlint/internal/app/service/rules/md030.go:160.65,161.34 1 26
github.com/gomdlint/gomdlint/internal/app/service/rules/md030.go:161.34,163.3 1 4
github.com/gomdlint/gomdlint/internal/app/service/rules/md030.go:166.2,171.72 5 22
github.com/gomdlint/gomdlint/internal/app/service/rules/md030.go:171.72,173.3 1 14
github.com/gomdlint/gomdlint/internal/app/service/rules/md030.go:173.8,173.79 1 8
github.com/gomdlint/gomdlint/internal/app/service/rules/md030.go:173.79,175.3 1 8
github.com/gomdlint/gomdlint/internal/app/service/rules/md030.go:175.8,177.3 1 0
github.com/gomdlint/gomdlint/internal/app/service/rules/md030.go:180.2,180.49 1 22
github.com/gomdlint/gomdlint/internal/app/service/rules/md030.go:180.49,185.20 3 25
github.com/gomdlint/gomdlint/internal/app/service/rules/md030.go:185.20,186.12 1 3
github.com/gomdlint/gomdlint/internal/app/service/rules/md030.go:190.3,192.36 2 22
github.com/gomdlint/gomdlint/internal/app/service/rules/md030.go:192.36,198.84 1 0
github.com/gomdlint/gomdlint/internal/app/service/rules/md030.go:198.84,200.5 1 0
github.com/gomdlint/gomdlint/internal/app/service/rules/md030.go:201.9,203.9 1 22
github.com/gomdlint/gomdlint/internal/app/service/rules/md030.go:207.2,207.14 1 22
github.com/gomdlint/gomdlint/internal/app/service/rules/md031.go:14.53,28.2 2 5
github.com/gomdlint/gomdlint/internal/app/service/rules/md031.go:30.104,42.36 6 4
github.com/gomdlint/gomdlint/internal/app/service/rules/md031.go:42.36,47.77 3 29
github.com/gomdlint/gomdlint/internal/app/service/rules/md031.go:47.77,52.33 3 10
github.com/gomdlint/gomdlint/internal/app/service/rules/md031.go:52.33,53.41 1 34
github.com/gomdlint/gomdlint/internal/app/service/rules/md031.go:53.41,55.6 1 30
github.com/gomdlint/gomdlint/internal/app/service/rules/md031.go:55.11,56.11 1 4
github.com/gomdlint/gomdlint/internal/app/service/rules/md031.go:60.4,60.20 1 10
github.com/gomdlint/gomdlint/internal/app/service/rules/md031.go:60.20,63.57 1 5
github.com/gomdlint/gomdlint/internal/app/service/rules/md031.go:63.57,64.14 1 0
github.com/gomdlint/gomdlint/internal/app/service/rules/md031.go:67.5,72.14 4 5
github.com/gomdlint/gomdlint/internal/app/service/rules/md031.go:72.14,74.24 2 5
github.com/gomdlint/gomdlint/internal/app/service/rules/md031.go:74.24,94.7 6 2
github.com/gomdlint/gomdlint/internal/app/service/rules/md031.go:96.10,96.84 1 5
github.com/gomdlint/gomdlint/internal/app/service/rules/md031.go:96.84,101.32 2 5
github.com/gomdlint/gomdlint/internal/app/service/rules/md031.go:101.32,103.24 2 5
github.com/gomdlint/gomdlint/internal/app/service/rules/md031.go:103.24,123.7 6 3
github.com/gomdlint/gomdlint/internal/app/service/rules/md031.go:129.2,129.34 1 4
github.com/gomdlint/gomdlint/internal/app/service/rules/md031.go:133.92,134.43 1 0
github.com/gomdlint/gomdlint/internal/app/service/rules/md031.go:134.43,136.41 2 0
github.com/gomdlint/gomdlint/internal/app/service/rules/md031.go:136.41,139.30 2 0
github.com/gomdlint/gomdlint/internal/app/service/rules/md031.go:139.30,140.34 1 0
github.com/gomdlint/gomdlint/internal/app/service/rules/md031.go:140.34,142.6 1 0
github.com/gomdlint/gomdlint/internal/app/service/rules/md031.go:142.11,143.11 1 0
github.com/gomdlint/gomdlint/internal/app/service/rules/md031.go:147.4,147.32 1 0
github.com/gomdlint/gomdlint/internal/app/service/rules/md031.go:147.32,149.5 1 0
github.com/gomdlint/gomdlint/internal/app/service/rules/md031.go:152.2,152.11 1 0
github.com/gomdlint/gomdlint/internal/app/service/rules/md031.go:156.55,158.20 1 0
github.com/gomdlint/gomdlint/internal/app/service/rules/md031.go:158.20,160.3 1 0
github.com/gomdlint/gomdlint/internal/app/service/rules/md031.go:162.2,165.24 3 0
github.com/gomdlint/gomdlint/internal/app/service/rules/md031.go:165.24,167.3 1 0
github.com/gomdlint/gomdlint/internal/app/service/rules/md031.go:170.2,170.38 1 0
github.com/gomdlint/gomdlint/internal/app/service/rules/md031.go:170.38,174.24 3 0
github.com/gomdlint/gomdlint/internal/app/service/rules/md031.go:174.24,175.12 1 0
github.com/gomdlint/gomdlint/internal/app/service/rules/md031.go:178.3,179.34 2 0
github.com/gomdlint/gomdlint/internal/app/service/rules/md031.go:179.34,180.12 1 0
github.com/gomdlint/gomdlint/internal/app/service/rules/md031.go:184.3,186.63 1 0
github.com/gomdlint/gomdlint/internal/app/service/rules/md031.go:186.63,188.4 1 0
github.com/gomdlint/gomdlint/internal/app/service/rules/md031.go:190.3,190.8 1 0
github.com/gomdlint/gomdlint/internal/app/service/rules/md031.go:193.2,193.14 1 0
github.com/gomdlint/gomdlint/internal/app/service/rules/md032.go:15.53,27.2 2 9
github.com/gomdlint/gomdlint/internal/app/service/rules/md032.go:29.104,42.36 7 8
github.com/gomdlint/gomdlint/internal/app/service/rules/md032.go:42.36,48.17 3 62
github.com/gomdlint/gomdlint/internal/app/service/rules/md032.go:48.17,49.15 1 28
github.com/gomdlint/gomdlint/internal/app/service/rules/md032.go:49.15,53.5 2 10
github.com/gomdlint/gomdlint/internal/app/service/rules/md032.go:54.4,54.15 1 28
github.com/gomdlint/gomdlint/internal/app/service/rules/md032.go:55.9,55.27 1 34
github.com/gomdlint/gomdlint/internal/app/service/rules/md032.go:55.27,57.12 1 11
github.com/gomdlint/gomdlint/internal/app/service/rules/md032.go:58.9,60.14 1 23
github.com/gomdlint/gomdlint/internal/app/service/rules/md032.go:60.14,66.5 4 10
github.com/gomdlint/gomdlint/internal/app/service/rules/md032.go:71.2,71.12 1 8
github.com/gomdlint/gomdlint/internal/app/service/rules/md032.go:71.12,73.3 1 0
github.com/gomdlint/gomdlint/internal/app/service/rules/md032.go:75.2,75.34 1 8
github.com/gomdlint/gomdlint/internal/app/service/rules/md032.go:79.80,83.19 2 10
github.com/gomdlint/gomdlint/internal/app/service/rules/md032.go:83.19,85.21 2 10
github.com/gomdlint/gomdlint/internal/app/service/rules/md032.go:85.21,92.23 4 5
github.com/gomdlint/gomdlint/internal/app/service/rules/md032.go:92.23,112.5 6 5
github.com/gomdlint/gomdlint/internal/app/service/rules/md032.go:117.2,117.28 1 10
github.com/gomdlint/gomdlint/internal/app/service/rules/md032.go:117.28,119.21 2 10
github.com/gomdlint/gomdlint/internal/app/service/rules/md032.go:119.21,126.23 4 5
github.com/gomdlint/gomdlint/internal/app/service/rules/md032.go:126.23,146.5 6 5
github.com/gomdlint/gomdlint/internal/app/service/rules/md032.go:150.2,150.19 1 10
github.com/gomdlint/gomdlint/internal/app/service/rules/md033.go:15.53,29.2 2 9
github.com/gomdlint/gomdlint/internal/app/service/rules/md033.go:31.104,39.42 4 8
github.com/gomdlint/gomdlint/internal/app/service/rules/md033.go:39.42,41.3 1 3
github.com/gomdlint/gomdlint/internal/app/service/rules/md033.go:44.2,49.36 4 8
github.com/gomdlint/gomdlint/internal/app/service/rules/md033.go:49.36,53.36 2 33
github.com/gomdlint/gomdlint/internal/app/service/rules/md033.go:53.36,54.12 1 0
github.com/gomdlint/gomdlint/internal/app/service/rules/md033.go:58.3,61.33 3 33
github.com/gomdlint/gomdlint/internal/app/service/rules/md033.go:61.33,66.27 3 26
github.com/gomdlint/gomdlint/internal/app/service/rules/md033.go:66.27,67.13 1 3
github.com/gomdlint/gomdlint/internal/app/service/rules/md033.go:70.4,82.47 6 23
github.com/gomdlint/gomdlint/internal/app/service/rules/md033.go:86.3,86.29 1 33
github.com/gomdlint/gomdlint/internal/app/service/rules/md033.go:86.29,90.41 3 33
github.com/gomdlint/gomdlint/internal/app/service/rules/md033.go:90.41,106.5 7 1
github.com/gomdlint/gomdlint/internal/app/service/rules/md033.go:110.3,110.28 1 33
github.com/gomdlint/gomdlint/internal/app/service/rules/md033.go:110.28,114.40 3 33
github.com/gomdlint/gomdlint/internal/app/service/rules/md033.go:114.40,130.5 7 4
github.com/gomdlint/gomdlint/internal/app/service/rules/md033.go:134.2,134.34 1 8
github.com/gomdlint/gomdlint/internal/app/service/rules/md034.go:15.53,27.2 2 6
github.com/gomdlint/gomdlint/internal/app/service/rules/md034.go:29.104,43.36 8 5
github.com/gomdlint/gomdlint/internal/app/service/rules/md034.go:43.36,47.36 2 18
github.com/gomdlint/gomdlint/internal/app/service/rules/md034.go:47.36,48.12 1 0
github.com/gomdlint/gomdlint/internal/app/service/rules/md034.go:52.3,59.36 4 18
github.com/gomdlint/gomdlint/internal/app/service/rules/md034.go:59.36,65.62 4 11
github.com/gomdlint/gomdlint/internal/app/service/rules/md034.go:65.62,66.13 1 2
github.com/gomdlint/gomdlint/internal/app/service/rules/md034.go:70.4,70.53 1 9
github.com/gomdlint/gomdlint/internal/app/service/rules/md034.go:70.53,71.13 1 0
github.com/gomdlint/gomdlint/internal/app/service/rules/md034.go:75.4,75.51 1 9
github.com/gomdlint/gomdlint/internal/app/service/rules/md034.go:75.51,76.13 1 2
github.com/gomdlint/gomdlint/internal/app/service/rules/md034.go:80.4,80.59 1 7
github.com/gomdlint/gomdlint/internal/app/service/rules/md034.go:80.59,81.13 1 0
github.com/gomdlint/gomdlint/internal/app/service/rules/md034.go:85.4,93.40 3 7
github.com/gomdlint/gomdlint/internal/app/service/rules/md034.go:93.40,95.5 1 2
github.com/gomdlint/gomdlint/internal/app/service/rules/md034.go:95.10,97.5 1 5
github.com/gomdlint/gomdlint/internal/app/service/rules/md034.go:99.4,114.47 8 7
github.com/gomdlint/gomdlint/internal/app/service/rules/md034.go:118.2,118.34 1 5
github.com/gomdlint/gomdlint/internal/app/service/rules/md034.go:123.80,125.32 2 11
github.com/gomdlint/gomdlint/internal/app/service/rules/md034.go:125.32,126.47 1 2
github.com/gomdlint/gomdlint/internal/app/service/rules/md034.go:126.47,128.4 1 2
github.com/gomdlint/gomdlint/internal/app/service/rules/md034.go:130.2,130.14 1 9
github.com/gomdlint/gomdlint/internal/app/service/rules/md034.go:133.75,135.32 2 9
github.com/gomdlint/gomdlint/internal/app/service/rules/md034.go:135.32,136.43 1 0
github.com/gomdlint/gomdlint/internal/app/service/rules/md034.go:136.43,138.4 1 0
github.com/gomdlint/gomdlint/internal/app/service/rules/md034.go:140.2,140.14 1 9
github.com/gomdlint/gomdlint/internal/app/service/rules/md034.go:143.71,145.32 2 9
github.com/gomdlint/gomdlint/internal/app/service/rules/md034.go:145.32,146.43 1 2
github.com/gomdlint/gomdlint/internal/app/service/rules/md034.go:146.43,148.4 1 2
github.com/gomdlint/gomdlint/internal/app/service/rules/md034.go:150.2,150.14 1 7
github.com/gomdlint/gomdlint/internal/app/service/rules/md034.go:153.77,156.39 1 7
github.com/gomdlint/gomdlint/internal/app/service/rules/md034.go:156.39,158.42 1 0
github.com/gomdlint/gomdlint/internal/app/service/rules/md034.go:158.42,160.4 1 0
github.com/gomdlint/gomdlint/internal/app/service/rules/md034.go:162.2,162.14 1 7
github.com/gomdlint/gomdlint/internal/app/service/rules/md035.go:16.53,30.2 2 4
github.com/gomdlint/gomdlint/internal/app/service/rules/md035.go:32.104,45.36 6 3
github.com/gomdlint/gomdlint/internal/app/service/rules/md035.go:45.36,49.36 2 18
github.com/gomdlint/gomdlint/internal/app/service/rules/md035.go:49.36,50.12 1 8
github.com/gomdlint/gomdlint/internal/app/service/rules/md035.go:54.3,55.21 2 10
github.com/gomdlint/gomdlint/internal/app/service/rules/md035.go:55.21,56.12 1 6
github.com/gomdlint/gomdlint/internal/app/service/rules/md035.go:59.3,66.57 4 4
github.com/gomdlint/gomdlint/internal/app/service/rules/md035.go:66.57,69.4 2 2
github.com/gomdlint/gomdlint/internal/app/service/rules/md035.go:69.9,69.41 1 2
github.com/gomdlint/gomdlint/internal/app/service/rules/md035.go:69.41,71.4 1 0
github.com/gomdlint/gomdlint/internal/app/service/rules/md035.go:74.3,74.36 1 4
github.com/gomdlint/gomdlint/internal/app/service/rules/md035.go:74.36,83.54 3 1
github.com/gomdlint/gomdlint/internal/app/service/rules/md035.go:83.54,85.5 1 1
github.com/gomdlint/gomdlint/internal/app/service/rules/md035.go:87.4,101.47 7 1
github.com/gomdlint/gomdlint/internal/app/service/rules/md035.go:105.2,105.34 1 3
github.com/gomdlint/gomdlint/internal/app/service/rules/md035.go:109.41,113.31 2 4
github.com/gomdlint/gomdlint/internal/app/service/rules/md035.go:113.31,114.32 1 1
github.com/gomdlint/gomdlint/internal/app/service/rules/md035.go:114.32,116.4 1 0
github.com/gomdlint/gomdlint/internal/app/service/rules/md035.go:117.3,117.15 1 1
github.com/gomdlint/gomdlint/internal/app/service/rules/md035.go:120.2,120.31 1 3
github.com/gomdlint/gomdlint/internal/app/service/rules/md035.go:120.31,121.32 1 3
github.com/gomdlint/gomdlint/internal/app/service/rules/md035.go:121.32,123.4 1 0
github.com/gomdlint/gomdlint/internal/app/service/rules/md035.go:124.3,124.15 1 3
github.com/gomdlint/gomdlint/internal/app/service/rules/md035.go:127.2,127.31 1 0
github.com/gomdlint/gomdlint/internal/app/service/rules/md035.go:127.31,128.32 1 0
github.com/gomdlint/gomdlint/internal/app/service/rules/md035.go:128.32,130.4 1 0
github.com/gomdlint/gomdlint/internal/app/service/rules/md035.go:131.3,131.15 1 0
github.com/gomdlint/gomdlint/internal/app/service/rules/md035.go:134.2,134.11 1 0
github.com/gomdlint/gomdlint/internal/app/service/rules/md035.go:138.47,139.15 1 1
github.com/gomdlint/gomdlint/internal/app/service/rules/md035.go:140.13,141.15 1 0
github.com/gomdlint/gomdlint/internal/app/service/rules/md035.go:142.15,143.17 1 0
github.com/gomdlint/gomdlint/internal/app/service/rules/md035.go:144.13,145.15 1 1
github.com/gomdlint/gomdlint/internal/app/service/rules/md035.go:146.15,147.17 1 0
github.com/gomdlint/gomdlint/internal/app/service/rules/md035.go:148.13,149.15 1 0
github.com/gomdlint/gomdlint/internal/app/service/rules/md035.go:150.15,151.17 1 0
github.com/gomdlint/gomdlint/internal/app/service/rules/md035.go:152.10,153.15 1 0
github.com/gomdlint/gomdlint/internal/app/service/rules/md036.go:15.53,29.2 2 4
github.com/gomdlint/gomdlint/internal/app/service/rules/md036.go:31.104,39.35 4 3
github.com/gomdlint/gomdlint/internal/app/service/rules/md036.go:39.35,41.3 1 36
github.com/gomdlint/gomdlint/internal/app/service/rules/md036.go:45.2,49.36 3 3
github.com/gomdlint/gomdlint/internal/app/service/rules/md036.go:49.36,53.36 2 11
github.com/gomdlint/gomdlint/internal/app/service/rules/md036.go:53.36,54.12 1 4
github.com/gomdlint/gomdlint/internal/app/service/rules/md036.go:57.3,62.73 4 7
github.com/gomdlint/gomdlint/internal/app/service/rules/md036.go:62.73,65.4 2 1
github.com/gomdlint/gomdlint/internal/app/service/rules/md036.go:68.3,68.19 1 7
github.com/gomdlint/gomdlint/internal/app/service/rules/md036.go:68.19,69.76 1 6
github.com/gomdlint/gomdlint/internal/app/service/rules/md036.go:69.76,72.5 2 1
github.com/gomdlint/gomdlint/internal/app/service/rules/md036.go:75.3,75.18 1 7
github.com/gomdlint/gomdlint/internal/app/service/rules/md036.go:75.18,80.29 2 2
github.com/gomdlint/gomdlint/internal/app/service/rules/md036.go:80.29,83.5 2 2
github.com/gomdlint/gomdlint/internal/app/service/rules/md036.go:85.4,85.27 1 2
github.com/gomdlint/gomdlint/internal/app/service/rules/md036.go:85.27,86.13 1 0
github.com/gomdlint/gomdlint/internal/app/service/rules/md036.go:90.4,90.31 1 2
github.com/gomdlint/gomdlint/internal/app/service/rules/md036.go:90.31,91.13 1 0
github.com/gomdlint/gomdlint/internal/app/service/rules/md036.go:95.4,95.31 1 2
github.com/gomdlint/gomdlint/internal/app/service/rules/md036.go:95.31,97.51 2 1
github.com/gomdlint/gomdlint/internal/app/service/rules/md036.go:97.51,98.14 1 0
github.com/gomdlint/gomdlint/internal/app/service/rules/md036.go:103.4,103.13 1 2
github.com/gomdlint/gomdlint/internal/app/service/rules/md036.go:103.13,105.51 2 2
github.com/gomdlint/gomdlint/internal/app/service/rules/md036.go:105.51,106.14 1 0
github.com/gomdlint/gomdlint/internal/app/service/rules/md036.go:111.4,121.47 4 2
github.com/gomdlint/gomdlint/internal/app/service/rules/md036.go:125.2,125.34 1 3
github.com/gomdlint/gomdlint/internal/app/service/rules/md036.go:129.38,131.53 1 0
github.com/gomdlint/gomdlint/internal/app/service/rules/md036.go:131.53,133.3 1 0
github.com/gomdlint/gomdlint/internal/app/service/rules/md036.go:136.2,137.104 2 0
github.com/gomdlint/gomdlint/internal/app/service/rules/md036.go:137.104,139.3 1 0
github.com/gomdlint/gomdlint/internal/app/service/rules/md036.go:141.2,141.14 1 0
github.com/gomdlint/gomdlint/internal/app/service/rules/md037.go:15.53,27.2 2 4
github.com/gomdlint/gomdlint/internal/app/service/rules/md037.go:29.104,37.36 4 3
github.com/gomdlint/gomdlint/internal/app/service/rules/md037.go:37.36,41.36 2 7
github.com/gomdlint/gomdlint/internal/app/service/rules/md037.go:41.36,42.12 1 0
github.com/gomdlint/gomdlint/internal/app/service/rules/md037.go:46.3,49.39 3 7
github.com/gomdlint/gomdlint/internal/app/service/rules/md037.go:49.39,56.33 5 1
github.com/gomdlint/gomdlint/internal/app/service/rules/md037.go:56.33,80.5 9 1
github.com/gomdlint/gomdlint/internal/app/service/rules/md037.go:84.3,85.50 2 7
github.com/gomdlint/gomdlint/internal/app/service/rules/md037.go:85.50,88.4 2 1
github.com/gomdlint/gomdlint/internal/app/service/rules/md037.go:91.3,94.41 3 7
github.com/gomdlint/gomdlint/internal/app/service/rules/md037.go:94.41,96.39 1 1
github.com/gomdlint/gomdlint/internal/app/service/rules/md037.go:96.39,97.13 1 0
github.com/gomdlint/gomdlint/internal/app/service/rules/md037.go:100.4,106.33 5 1
[...]
github.com/gomdlint/gomdlint/internal/interfaces/cli/commands/theme.go:629.41,637.2 5 0
github.com/gomdlint/gomdlint/internal/interfaces/cli/commands/theme.go:639.55,640.24 1 0
github.com/gomdlint/gomdlint/internal/interfaces/cli/commands/theme.go:640.24,642.3 1 0
github.com/gomdlint/gomdlint/internal/interfaces/cli/commands/theme.go:642.8,644.3 1 0
github.com/gomdlint/gomdlint/internal/interfaces/cli/commands/theme.go:646.2,650.42 4 0
github.com/gomdlint/gomdlint/internal/interfaces/cli/commands/theme.go:650.42,652.3 1 0
github.com/gomdlint/gomdlint/internal/interfaces/cli/commands/theme.go:654.2,654.17 1 0
github.com/gomdlint/gomdlint/internal/interfaces/cli/commands/themed_helper.go:16.52,25.66 2 4
github.com/gomdlint/gomdlint/internal/interfaces/cli/commands/themed_helper.go:25.66,26.64 1 4
github.com/gomdlint/gomdlint/internal/interfaces/cli/commands/themed_helper.go:26.64,28.46 1 4
github.com/gomdlint/gomdlint/internal/interfaces/cli/commands/themed_helper.go:28.46,30.5 1 4
github.com/gomdlint/gomdlint/internal/interfaces/cli/commands/themed_helper.go:30.10,30.69 1 0
github.com/gomdlint/gomdlint/internal/interfaces/cli/commands/themed_helper.go:30.69,31.55 1 0
github.com/gomdlint/gomdlint/internal/interfaces/cli/commands/themed_helper.go:31.55,32.43 1 0
github.com/gomdlint/gomdlint/internal/interfaces/cli/commands/themed_helper.go:32.43,34.7 1 0
github.com/gomdlint/gomdlint/internal/interfaces/cli/commands/themed_helper.go:36.5,36.70 1 0
github.com/gomdlint/gomdlint/internal/interfaces/cli/commands/themed_helper.go:36.70,37.44 1 0
github.com/gomdlint/gomdlint/internal/interfaces/cli/commands/themed_helper.go:37.44,39.7 1 0
github.com/gomdlint/gomdlint/internal/interfaces/cli/commands/themed_helper.go:41.5,41.68 1 0
github.com/gomdlint/gomdlint/internal/interfaces/cli/commands/themed_helper.go:41.68,42.70 1 0
github.com/gomdlint/gomdlint/internal/interfaces/cli/commands/themed_helper.go:42.70,44.36 2 0
github.com/gomdlint/gomdlint/internal/interfaces/cli/commands/themed_helper.go:44.36,45.37 1 0
github.com/gomdlint/gomdlint/internal/interfaces/cli/commands/themed_helper.go:45.37,47.9 1 0
github.com/gomdlint/gomdlint/internal/interfaces/cli/commands/themed_helper.go:56.2,60.25 4 4
github.com/gomdlint/gomdlint/internal/interfaces/cli/commands/themed_helper.go:60.25,64.3 2 0
github.com/gomdlint/gomdlint/internal/interfaces/cli/commands/themed_helper.go:66.2,67.24 2 4
github.com/gomdlint/gomdlint/internal/interfaces/cli/commands/themed_helper.go:67.24,69.3 1 4
github.com/gomdlint/gomdlint/internal/interfaces/cli/commands/themed_helper.go:69.8,72.3 1 0
github.com/gomdlint/gomdlint/internal/interfaces/cli/commands/themed_helper.go:74.2,76.3 1 4
github.com/gomdlint/gomdlint/internal/interfaces/cli/commands/themed_helper.go:80.40,88.19 3 0
github.com/gomdlint/gomdlint/internal/interfaces/cli/commands/themed_helper.go:88.19,90.3 1 0
github.com/gomdlint/gomdlint/internal/interfaces/cli/commands/themed_helper.go:93.2,93.42 1 0
github.com/gomdlint/gomdlint/internal/interfaces/cli/commands/themed_helper.go:98.48,100.2 1 2
github.com/gomdlint/gomdlint/internal/interfaces/cli/commands/themed_helper.go:102.46,104.2 1 0
github.com/gomdlint/gomdlint/internal/interfaces/cli/commands/themed_helper.go:106.48,108.2 1 0
github.com/gomdlint/gomdlint/internal/interfaces/cli/commands/themed_helper.go:110.45,112.2 1 0
github.com/gomdlint/gomdlint/internal/interfaces/cli/commands/themed_helper.go:114.51,116.2 1 0
github.com/gomdlint/gomdlint/internal/interfaces/cli/commands/themed_helper.go:118.47,120.2 1 0
github.com/gomdlint/gomdlint/internal/interfaces/cli/commands/themed_helper.go:122.47,124.2 1 0
github.com/gomdlint/gomdlint/internal/interfaces/cli/commands/themed_helper.go:126.47,128.2 1 0
github.com/gomdlint/gomdlint/internal/interfaces/cli/commands/themed_helper.go:130.50,132.2 1 0
github.com/gomdlint/gomdlint/internal/interfaces/cli/commands/themed_helper.go:134.50,136.2 1 0
github.com/gomdlint/gomdlint/internal/interfaces/cli/commands/themed_helper.go:138.50,140.2 1 0
github.com/gomdlint/gomdlint/internal/interfaces/cli/commands/themed_helper.go:142.48,144.2 1 0
github.com/gomdlint/gomdlint/internal/interfaces/cli/commands/themed_helper.go:147.49,149.56 1 0
github.com/gomdlint/gomdlint/internal/interfaces/cli/commands/themed_helper.go:149.56,151.3 1 0
github.com/gomdlint/gomdlint/internal/interfaces/cli/commands/themed_helper.go:152.2,152.33 1 0
github.com/gomdlint/gomdlint/internal/interfaces/cli/commands/themed_helper.go:152.33,154.3 1 0
github.com/gomdlint/gomdlint/internal/interfaces/cli/commands/themed_helper.go:155.2,155.14 1 0
github.com/gomdlint/gomdlint/internal/interfaces/cli/commands/themed_helper.go:158.49,159.56 1 4
github.com/gomdlint/gomdlint/internal/interfaces/cli/commands/themed_helper.go:159.56,161.3 1 0
github.com/gomdlint/gomdlint/internal/interfaces/cli/commands/themed_helper.go:162.2,162.33 1 4
github.com/gomdlint/gomdlint/internal/interfaces/cli/commands/themed_helper.go:162.33,164.3 1 0
github.com/gomdlint/gomdlint/internal/interfaces/cli/commands/themed_helper.go:165.2,165.17 1 4
github.com/gomdlint/gomdlint/internal/interfaces/cli/commands/themed_helper.go:168.45,169.52 1 0
github.com/gomdlint/gomdlint/internal/interfaces/cli/commands/themed_helper.go:169.52,171.3 1 0
github.com/gomdlint/gomdlint/internal/interfaces/cli/commands/themed_helper.go:172.2,172.33 1 0
github.com/gomdlint/gomdlint/internal/interfaces/cli/commands/themed_helper.go:172.33,174.3 1 0
github.com/gomdlint/gomdlint/internal/interfaces/cli/commands/themed_helper.go:175.2,175.15 1 0
github.com/gomdlint/gomdlint/internal/interfaces/cli/commands/themed_helper.go:178.49,179.56 1 0
github.com/gomdlint/gomdlint/internal/interfaces/cli/commands/themed_helper.go:179.56,181.3 1 0
github.com/gomdlint/gomdlint/internal/interfaces/cli/commands/themed_helper.go:182.2,182.33 1 0
github.com/gomdlint/gomdlint/internal/interfaces/cli/commands/themed_helper.go:182.33,184.3 1 0
github.com/gomdlint/gomdlint/internal/interfaces/cli/commands/themed_helper.go:185.2,185.15 1 0
github.com/gomdlint/gomdlint/internal/interfaces/cli/commands/themed_helper.go:188.45,189.52 1 0
github.com/gomdlint/gomdlint/internal/interfaces/cli/commands/themed_helper.go:189.52,191.3 1 0
github.com/gomdlint/gomdlint/internal/interfaces/cli/commands/themed_helper.go:192.2,192.33 1 0
github.com/gomdlint/gomdlint/internal/interfaces/cli/commands/themed_helper.go:192.33,194.3 1 0
github.com/gomdlint/gomdlint/internal/interfaces/cli/commands/themed_helper.go:195.2,195.17 1 0
github.com/gomdlint/gomdlint/internal/interfaces/cli/commands/themed_helper.go:198.49,199.56 1 4
github.com/gomdlint/gomdlint/internal/interfaces/cli/commands/themed_helper.go:199.56,201.3 1 0
github.com/gomdlint/gomdlint/internal/interfaces/cli/commands/themed_helper.go:202.2,202.33 1 4
github.com/gomdlint/gomdlint/internal/interfaces/cli/commands/themed_helper.go:202.33,204.3 1 0
github.com/gomdlint/gomdlint/internal/interfaces/cli/commands/themed_helper.go:205.2,205.15 1 4
github.com/gomdlint/gomdlint/internal/interfaces/cli/commands/themed_helper.go:208.44,209.51 1 4
github.com/gomdlint/gomdlint/internal/interfaces/cli/commands/themed_helper.go:209.51,211.3 1 0
github.com/gomdlint/gomdlint/internal/interfaces/cli/commands/themed_helper.go:212.2,212.33 1 4
github.com/gomdlint/gomdlint/internal/interfaces/cli/commands/themed_helper.go:212.33,214.3 1 0
github.com/gomdlint/gomdlint/internal/interfaces/cli/commands/themed_helper.go:215.2,215.15 1 4
github.com/gomdlint/gomdlint/internal/interfaces/cli/commands/themed_helper.go:218.46,219.53 1 0
github.com/gomdlint/gomdlint/internal/interfaces/cli/commands/themed_helper.go:219.53,221.3 1 0
github.com/gomdlint/gomdlint/internal/interfaces/cli/commands/themed_helper.go:222.2,222.33 1 0
github.com/gomdlint/gomdlint/internal/interfaces/cli/commands/themed_helper.go:222.33,224.3 1 0
github.com/gomdlint/gomdlint/internal/interfaces/cli/commands/themed_helper.go:225.2,225.15 1 0
github.com/gomdlint/gomdlint/internal/interfaces/cli/commands/tui.go:17.37,39.2 2 0
github.com/gomdlint/gomdlint/internal/interfaces/cli/commands/tui.go:41.54,50.16 5 0
github.com/gomdlint/gomdlint/internal/interfaces/cli/commands/tui.go:50.16,52.3 1 0
github.com/gomdlint/gomdlint/internal/interfaces/cli/commands/tui.go:55.2,57.41 2 0
github.com/gomdlint/gomdlint/internal/interfaces/cli/commands/tui.go:57.41,59.3 1 0
github.com/gomdlint/gomdlint/internal/interfaces/cli/commands/tui.go:61.2,61.12 1 0
github.com/gomdlint/gomdlint/internal/interfaces/cli/commands/tui.go:115.32,165.2 1 0
github.com/gomdlint/gomdlint/internal/interfaces/cli/commands/tui.go:167.107,170.16 2 0
github.com/gomdlint/gomdlint/internal/interfaces/cli/commands/tui.go:170.16,172.3 1 0
github.com/gomdlint/gomdlint/internal/interfaces/cli/commands/tui.go:175.2,177.15 3 0
github.com/gomdlint/gomdlint/internal/interfaces/cli/commands/tui.go:177.15,180.37 2 0
github.com/gomdlint/gomdlint/internal/interfaces/cli/commands/tui.go:180.37,182.4 1 0
github.com/gomdlint/gomdlint/internal/interfaces/cli/commands/tui.go:183.3,183.30 1 0
github.com/gomdlint/gomdlint/internal/interfaces/cli/commands/tui.go:183.30,185.4 1 0
github.com/gomdlint/gomdlint/internal/interfaces/cli/commands/tui.go:188.2,199.52 2 0
github.com/gomdlint/gomdlint/internal/interfaces/cli/commands/tui.go:199.52,200.31 1 0
github.com/gomdlint/gomdlint/internal/interfaces/cli/commands/tui.go:200.31,202.4 1 0
github.com/gomdlint/gomdlint/internal/interfaces/cli/commands/tui.go:202.9,202.43 1 0
github.com/gomdlint/gomdlint/internal/interfaces/cli/commands/tui.go:202.43,205.4 2 0
github.com/gomdlint/gomdlint/internal/interfaces/cli/commands/tui.go:208.2,208.19 1 0
github.com/gomdlint/gomdlint/internal/interfaces/cli/commands/tui.go:212.35,214.60 1 0
github.com/gomdlint/gomdlint/internal/interfaces/cli/commands/tui.go:214.60,214.80 1 0
github.com/gomdlint/gomdlint/internal/interfaces/cli/commands/tui.go:220.61,221.27 1 0
github.com/gomdlint/gomdlint/internal/interfaces/cli/commands/tui.go:222.25,225.16 3 0
github.com/gomdlint/gomdlint/internal/interfaces/cli/commands/tui.go:227.18,228.31 1 0
github.com/gomdlint/gomdlint/internal/interfaces/cli/commands/tui.go:230.23,234.16 4 0
github.com/gomdlint/gomdlint/internal/interfaces/cli/commands/tui.go:236.20,239.16 3 0
github.com/gomdlint/gomdlint/internal/interfaces/cli/commands/tui.go:241.15,243.61 2 0
github.com/gomdlint/gomdlint/internal/interfaces/cli/commands/tui.go:243.61,243.81 1 0
github.com/gomdlint/gomdlint/internal/interfaces/cli/commands/tui.go:246.2,246.15 1 0
github.com/gomdlint/gomdlint/internal/interfaces/cli/commands/tui.go:250.34,251.35 1 0
github.com/gomdlint/gomdlint/internal/interfaces/cli/commands/tui.go:251.35,253.3 1 0
github.com/gomdlint/gomdlint/internal/interfaces/cli/commands/tui.go:255.2,257.23 2 0
github.com/gomdlint/gomdlint/internal/interfaces/cli/commands/tui.go:258.20,259.31 1 0
github.com/gomdlint/gomdlint/internal/interfaces/cli/commands/tui.go:260.22,261.33 1 0
github.com/gomdlint/gomdlint/internal/interfaces/cli/commands/tui.go:262.19,263.30 1 0
github.com/gomdlint/gomdlint/internal/interfaces/cli/commands/tui.go:264.16,265.27 1 0
github.com/gomdlint/gomdlint/internal/interfaces/cli/commands/tui.go:269.2,277.46 5 0
github.com/gomdlint/gomdlint/internal/interfaces/cli/commands/tui.go:277.46,279.33 2 0
github.com/gomdlint/gomdlint/internal/interfaces/cli/commands/tui.go:279.33,281.4 1 0
github.com/gomdlint/gomdlint/internal/interfaces/cli/commands/tui.go:282.3,282.38 1 0
github.com/gomdlint/gomdlint/internal/interfaces/cli/commands/tui.go:286.2,292.3 1 0
github.com/gomdlint/gomdlint/internal/interfaces/cli/commands/tui.go:295.42,301.22 4 0
github.com/gomdlint/gomdlint/internal/interfaces/cli/commands/tui.go:301.22,303.26 2 0
github.com/gomdlint/gomdlint/internal/interfaces/cli/commands/tui.go:303.26,305.4 1 0
github.com/gomdlint/gomdlint/internal/interfaces/cli/commands/tui.go:308.2,308.16 1 0
github.com/gomdlint/gomdlint/internal/interfaces/cli/commands/tui.go:308.16,310.3 1 0
github.com/gomdlint/gomdlint/internal/interfaces/cli/commands/tui.go:312.2,312.62 1 0
github.com/gomdlint/gomdlint/internal/interfaces/cli/commands/tui.go:315.42,317.15 2 0
github.com/gomdlint/gomdlint/internal/interfaces/cli/commands/tui.go:317.15,320.3 1 0
github.com/gomdlint/gomdlint/internal/interfaces/cli/commands/tui.go:322.2,323.89 2 0
github.com/gomdlint/gomdlint/internal/interfaces/cli/commands/tui.go:326.45,328.23 2 0
github.com/gomdlint/gomdlint/internal/interfaces/cli/commands/tui.go:329.20,330.95 1 0
github.com/gomdlint/gomdlint/internal/interfaces/cli/commands/tui.go:331.22,332.95 1 0
github.com/gomdlint/gomdlint/internal/interfaces/cli/commands/tui.go:333.19,334.43 1 0
github.com/gomdlint/gomdlint/internal/interfaces/cli/commands/tui.go:335.16,336.31 1 0
github.com/gomdlint/gomdlint/internal/interfaces/cli/commands/tui.go:339.2,339.50 1 0
github.com/gomdlint/gomdlint/internal/interfaces/cli/commands/tui.go:342.44,343.23 1 0
github.com/gomdlint/gomdlint/internal/interfaces/cli/commands/tui.go:343.23,345.3 1 0
github.com/gomdlint/gomdlint/internal/interfaces/cli/commands/tui.go:347.2,348.31 2 0
github.com/gomdlint/gomdlint/internal/interfaces/cli/commands/tui.go:348.31,350.26 2 0
github.com/gomdlint/gomdlint/internal/interfaces/cli/commands/tui.go:350.26,352.4 1 0
github.com/gomdlint/gomdlint/internal/interfaces/cli/commands/tui.go:355.3,356.26 2 0
github.com/gomdlint/gomdlint/internal/interfaces/cli/commands/tui.go:356.26,357.64 1 0
github.com/gomdlint/gomdlint/internal/interfaces/cli/commands/tui.go:357.64,359.18 2 0
github.com/gomdlint/gomdlint/internal/interfaces/cli/commands/tui.go:359.18,361.19 2 0
github.com/gomdlint/gomdlint/internal/interfaces/cli/commands/tui.go:361.19,363.7 1 0
github.com/gomdlint/gomdlint/internal/interfaces/cli/commands/tui.go:364.11,366.6 1 0
github.com/gomdlint/gomdlint/internal/interfaces/cli/commands/tui.go:370.3,370.58 1 0
github.com/gomdlint/gomdlint/internal/interfaces/cli/commands/tui.go:373.2,374.59 2 0
github.com/gomdlint/gomdlint/internal/interfaces/cli/commands/tui.go:377.46,378.59 1 0
github.com/gomdlint/gomdlint/internal/interfaces/cli/commands/tui.go:378.59,380.3 1 0
github.com/gomdlint/gomdlint/internal/interfaces/cli/commands/tui.go:382.2,384.37 3 0
github.com/gomdlint/gomdlint/internal/interfaces/cli/commands/tui.go:384.37,386.3 1 0
github.com/gomdlint/gomdlint/internal/interfaces/cli/commands/tui.go:388.2,389.39 2 0
github.com/gomdlint/gomdlint/internal/interfaces/cli/commands/tui.go:389.39,391.26 2 0
github.com/gomdlint/gomdlint/internal/interfaces/cli/commands/tui.go:391.26,393.4 1 0
github.com/gomdlint/gomdlint/internal/interfaces/cli/commands/tui.go:396.3,397.35 2 0
github.com/gomdlint/gomdlint/internal/interfaces/cli/commands/tui.go:397.35,399.50 1 0
github.com/gomdlint/gomdlint/internal/interfaces/cli/commands/tui.go:399.50,401.42 2 0
github.com/gomdlint/gomdlint/internal/interfaces/cli/commands/tui.go:401.42,403.11 2 0
github.com/gomdlint/gomdlint/internal/interfaces/cli/commands/tui.go:408.3,411.34 2 0
github.com/gomdlint/gomdlint/internal/interfaces/cli/commands/tui.go:411.34,413.4 1 0
github.com/gomdlint/gomdlint/internal/interfaces/cli/commands/tui.go:415.3,415.44 1 0
github.com/gomdlint/gomdlint/internal/interfaces/cli/commands/tui.go:418.2,426.3 3 0
github.com/gomdlint/gomdlint/internal/interfaces/cli/commands/tui.go:429.43,430.59 1 0
github.com/gomdlint/gomdlint/internal/interfaces/cli/commands/tui.go:430.59,432.3 1 0
github.com/gomdlint/gomdlint/internal/interfaces/cli/commands/tui.go:434.2,436.50 3 0
github.com/gomdlint/gomdlint/internal/interfaces/cli/commands/tui.go:436.50,438.3 1 0
github.com/gomdlint/gomdlint/internal/interfaces/cli/commands/tui.go:440.2,451.33 9 0
github.com/gomdlint/gomdlint/internal/interfaces/cli/commands/tui.go:451.33,453.3 1 0
github.com/gomdlint/gomdlint/internal/interfaces/cli/commands/tui.go:455.2,455.34 1 0
github.com/gomdlint/gomdlint/internal/interfaces/cli/commands/tui.go:455.34,457.3 1 0
github.com/gomdlint/gomdlint/internal/interfaces/cli/commands/tui.go:459.2,459.30 1 0
github.com/gomdlint/gomdlint/internal/interfaces/cli/commands/tui.go:459.30,461.3 1 0
github.com/gomdlint/gomdlint/internal/interfaces/cli/commands/tui.go:461.8,463.3 1 0
github.com/gomdlint/gomdlint/internal/interfaces/cli/commands/tui.go:465.2,465.37 1 0
github.com/gomdlint/gomdlint/internal/interfaces/cli/commands/tui.go:465.37,467.3 1 0
github.com/gomdlint/gomdlint/internal/interfaces/cli/commands/tui.go:469.2,469.68 1 0
github.com/gomdlint/gomdlint/internal/interfaces/cli/commands/tui.go:472.40,498.2 2 0
github.com/gomdlint/gomdlint/internal/interfaces/cli/commands/tui.go:500.72,501.22 1 0
github.com/gomdlint/gomdlint/internal/interfaces/cli/commands/tui.go:502.21,503.21 1 0
github.com/gomdlint/gomdlint/internal/interfaces/cli/commands/tui.go:505.16,507.16 2 0
github.com/gomdlint/gomdlint/internal/interfaces/cli/commands/tui.go:509.18,510.24 1 0
github.com/gomdlint/gomdlint/internal/interfaces/cli/commands/tui.go:511.23,512.32 1 0
github.com/gomdlint/gomdlint/internal/interfaces/cli/commands/tui.go:513.20,514.34 1 0
github.com/gomdlint/gomdlint/internal/interfaces/cli/commands/tui.go:515.17,516.32 1 0
github.com/gomdlint/gomdlint/internal/interfaces/cli/commands/tui.go:518.3,518.16 1 0
github.com/gomdlint/gomdlint/internal/interfaces/cli/commands/tui.go:520.11,521.50 1 0
github.com/gomdlint/gomdlint/internal/interfaces/cli/commands/tui.go:521.50,523.4 1 0
github.com/gomdlint/gomdlint/internal/interfaces/cli/commands/tui.go:525.15,526.24 1 0
github.com/gomdlint/gomdlint/internal/interfaces/cli/commands/tui.go:527.21,528.24 1 0
github.com/gomdlint/gomdlint/internal/interfaces/cli/commands/tui.go:528.24,531.5 2 0
github.com/gomdlint/gomdlint/internal/interfaces/cli/commands/tui.go:532.23,533.31 1 0
github.com/gomdlint/gomdlint/internal/interfaces/cli/commands/tui.go:535.3,535.16 1 0
github.com/gomdlint/gomdlint/internal/interfaces/cli/commands/tui.go:537.17,538.24 1 0
github.com/gomdlint/gomdlint/internal/interfaces/cli/commands/tui.go:539.21,540.26 1 0
github.com/gomdlint/gomdlint/internal/interfaces/cli/commands/tui.go:540.26,542.5 1 0
github.com/gomdlint/gomdlint/internal/interfaces/cli/commands/tui.go:543.23,544.26 1 0
github.com/gomdlint/gomdlint/internal/interfaces/cli/commands/tui.go:544.26,546.5 1 0
github.com/gomdlint/gomdlint/internal/interfaces/cli/commands/tui.go:548.3,548.16 1 0
github.com/gomdlint/gomdlint/internal/interfaces/cli/commands/tui.go:550.19,551.24 1 0
github.com/gomdlint/gomdlint/internal/interfaces/cli/commands/tui.go:552.21,553.39 1 0
github.com/gomdlint/gomdlint/internal/interfaces/cli/commands/tui.go:553.39,555.5 1 0
github.com/gomdlint/gomdlint/internal/interfaces/cli/commands/tui.go:556.23,557.60 1 0
github.com/gomdlint/gomdlint/internal/interfaces/cli/commands/tui.go:557.60,559.69 2 0
github.com/gomdlint/gomdlint/internal/interfaces/cli/commands/tui.go:559.69,560.44 1 0
github.com/gomdlint/gomdlint/internal/interfaces/cli/commands/tui.go:560.44,562.7 1 0
github.com/gomdlint/gomdlint/internal/interfaces/cli/commands/tui.go:566.3,566.16 1 0
github.com/gomdlint/gomdlint/internal/interfaces/cli/commands/tui.go:568.11,570.16 2 0
github.com/gomdlint/gomdlint/internal/interfaces/cli/commands/tui.go:571.11,573.16 2 0
github.com/gomdlint/gomdlint/internal/interfaces/cli/commands/tui.go:574.11,576.16 2 0
github.com/gomdlint/gomdlint/internal/interfaces/cli/commands/tui.go:579.2,579.15 1 0
github.com/gomdlint/gomdlint/internal/interfaces/cli/commands/tui.go:593.45,594.24 1 0
github.com/gomdlint/gomdlint/internal/interfaces/cli/commands/tui.go:594.24,604.17 5 0
github.com/gomdlint/gomdlint/internal/interfaces/cli/commands/tui.go:604.17,606.4 1 0
github.com/gomdlint/gomdlint/internal/interfaces/cli/commands/tui.go:608.3,608.41 1 0
github.com/gomdlint/gomdlint/internal/interfaces/cli/commands/version.go:10.69,15.48 1 0
github.com/gomdlint/gomdlint/internal/interfaces/cli/commands/version.go:15.48,20.4 4 0
